{"C:\\Users\\tchme\\OneDrive\\Desktop\\Ideas for projects\\Web wood page\\e-commerce-platform\\server\\app.js": {"path":"C:\\Users\\tchme\\OneDrive\\Desktop\\Ideas for projects\\Web wood page\\e-commerce-platform\\server\\app.js","statementMap":{"0":{"start":{"line":2,"column":0},"end":{"line":4,"column":1}},"1":{"start":{"line":3,"column":2},"end":{"line":3,"column":29}},"2":{"start":{"line":5,"column":16},"end":{"line":5,"column":34}},"3":{"start":{"line":6,"column":13},"end":{"line":6,"column":28}},"4":{"start":{"line":7,"column":15},"end":{"line":7,"column":32}},"5":{"start":{"line":8,"column":21},"end":{"line":8,"column":45}},"6":{"start":{"line":9,"column":22},"end":{"line":9,"column":43}},"7":{"start":{"line":13,"column":0},"end":{"line":17,"column":1}},"8":{"start":{"line":14,"column":2},"end":{"line":14,"column":44}},"9":{"start":{"line":16,"column":2},"end":{"line":16,"column":19}},"10":{"start":{"line":19,"column":12},"end":{"line":19,"column":21}},"11":{"start":{"line":22,"column":0},"end":{"line":24,"column":1}},"12":{"start":{"line":23,"column":2},"end":{"line":23,"column":14}},"13":{"start":{"line":26,"column":0},"end":{"line":26,"column":18}},"14":{"start":{"line":27,"column":0},"end":{"line":27,"column":41}},"15":{"start":{"line":28,"column":0},"end":{"line":28,"column":24}},"16":{"start":{"line":29,"column":0},"end":{"line":29,"column":70}},"17":{"start":{"line":33,"column":30},"end":{"line":56,"column":1}},"18":{"start":{"line":34,"column":14},"end":{"line":34,"column":23}},"19":{"start":{"line":35,"column":2},"end":{"line":55,"column":4}},"20":{"start":{"line":36,"column":4},"end":{"line":54,"column":5}},"21":{"start":{"line":37,"column":18},"end":{"line":37,"column":68}},"22":{"start":{"line":38,"column":18},"end":{"line":38,"column":28}},"23":{"start":{"line":39,"column":20},"end":{"line":39,"column":60}},"24":{"start":{"line":40,"column":6},"end":{"line":45,"column":7}},"25":{"start":{"line":41,"column":8},"end":{"line":41,"column":24}},"26":{"start":{"line":42,"column":8},"end":{"line":42,"column":26}},"27":{"start":{"line":44,"column":8},"end":{"line":44,"column":25}},"28":{"start":{"line":46,"column":6},"end":{"line":46,"column":26}},"29":{"start":{"line":47,"column":6},"end":{"line":50,"column":7}},"30":{"start":{"line":48,"column":8},"end":{"line":48,"column":83}},"31":{"start":{"line":49,"column":8},"end":{"line":49,"column":93}},"32":{"start":{"line":51,"column":6},"end":{"line":51,"column":20}},"33":{"start":{"line":53,"column":6},"end":{"line":53,"column":20}},"34":{"start":{"line":58,"column":21},"end":{"line":60,"column":63}},"35":{"start":{"line":62,"column":22},"end":{"line":64,"column":64}},"36":{"start":{"line":67,"column":0},"end":{"line":67,"column":55}},"37":{"start":{"line":67,"column":27},"end":{"line":67,"column":53}},"38":{"start":{"line":68,"column":0},"end":{"line":68,"column":58}},"39":{"start":{"line":68,"column":30},"end":{"line":68,"column":56}},"40":{"start":{"line":71,"column":0},"end":{"line":71,"column":41}},"41":{"start":{"line":72,"column":0},"end":{"line":72,"column":43}},"42":{"start":{"line":74,"column":0},"end":{"line":74,"column":47}},"43":{"start":{"line":75,"column":0},"end":{"line":75,"column":50}},"44":{"start":{"line":76,"column":0},"end":{"line":76,"column":55}},"45":{"start":{"line":78,"column":0},"end":{"line":78,"column":21}}},"fnMap":{"0":{"name":"(anonymous_0)","decl":{"start":{"line":33,"column":30},"end":{"line":33,"column":31}},"loc":{"start":{"line":33,"column":79},"end":{"line":56,"column":1}},"line":33},"1":{"name":"(anonymous_1)","decl":{"start":{"line":35,"column":9},"end":{"line":35,"column":10}},"loc":{"start":{"line":35,"column":29},"end":{"line":55,"column":3}},"line":35},"2":{"name":"(anonymous_2)","decl":{"start":{"line":67,"column":13},"end":{"line":67,"column":14}},"loc":{"start":{"line":67,"column":27},"end":{"line":67,"column":53}},"line":67},"3":{"name":"(anonymous_3)","decl":{"start":{"line":68,"column":16},"end":{"line":68,"column":17}},"loc":{"start":{"line":68,"column":30},"end":{"line":68,"column":56}},"line":68}},"branchMap":{"0":{"loc":{"start":{"line":2,"column":0},"end":{"line":4,"column":1}},"type":"if","locations":[{"start":{"line":2,"column":0},"end":{"line":4,"column":1}},{"start":{},"end":{}}],"line":2},"1":{"loc":{"start":{"line":22,"column":0},"end":{"line":24,"column":1}},"type":"if","locations":[{"start":{"line":22,"column":0},"end":{"line":24,"column":1}},{"start":{},"end":{}}],"line":22},"2":{"loc":{"start":{"line":33,"column":31},"end":{"line":33,"column":74}},"type":"default-arg","locations":[{"start":{"line":33,"column":72},"end":{"line":33,"column":74}}],"line":33},"3":{"loc":{"start":{"line":33,"column":33},"end":{"line":33,"column":58}},"type":"default-arg","locations":[{"start":{"line":33,"column":44},"end":{"line":33,"column":58}}],"line":33},"4":{"loc":{"start":{"line":33,"column":60},"end":{"line":33,"column":67}},"type":"default-arg","locations":[{"start":{"line":33,"column":66},"end":{"line":33,"column":67}}],"line":33},"5":{"loc":{"start":{"line":37,"column":18},"end":{"line":37,"column":68}},"type":"binary-expr","locations":[{"start":{"line":37,"column":18},"end":{"line":37,"column":24}},{"start":{"line":37,"column":28},"end":{"line":37,"column":56}},{"start":{"line":37,"column":60},"end":{"line":37,"column":68}}],"line":37},"6":{"loc":{"start":{"line":39,"column":20},"end":{"line":39,"column":60}},"type":"binary-expr","locations":[{"start":{"line":39,"column":20},"end":{"line":39,"column":32}},{"start":{"line":39,"column":36},"end":{"line":39,"column":60}}],"line":39},"7":{"loc":{"start":{"line":40,"column":6},"end":{"line":45,"column":7}},"type":"if","locations":[{"start":{"line":40,"column":6},"end":{"line":45,"column":7}},{"start":{"line":43,"column":13},"end":{"line":45,"column":7}}],"line":40},"8":{"loc":{"start":{"line":47,"column":6},"end":{"line":50,"column":7}},"type":"if","locations":[{"start":{"line":47,"column":6},"end":{"line":50,"column":7}},{"start":{},"end":{}}],"line":47},"9":{"loc":{"start":{"line":58,"column":21},"end":{"line":60,"column":63}},"type":"cond-expr","locations":[{"start":{"line":59,"column":4},"end":{"line":59,"column":96}},{"start":{"line":60,"column":4},"end":{"line":60,"column":63}}],"line":58},"10":{"loc":{"start":{"line":62,"column":22},"end":{"line":64,"column":64}},"type":"cond-expr","locations":[{"start":{"line":63,"column":4},"end":{"line":63,"column":97}},{"start":{"line":64,"column":4},"end":{"line":64,"column":64}}],"line":62}},"s":{"0":4,"1":0,"2":4,"3":4,"4":4,"5":4,"6":4,"7":4,"8":4,"9":0,"10":4,"11":4,"12":0,"13":4,"14":4,"15":4,"16":4,"17":4,"18":0,"19":0,"20":0,"21":0,"22":0,"23":0,"24":0,"25":0,"26":0,"27":0,"28":0,"29":0,"30":0,"31":0,"32":0,"33":0,"34":4,"35":4,"36":4,"37":1,"38":4,"39":1,"40":4,"41":4,"42":4,"43":4,"44":4,"45":4},"f":{"0":0,"1":0,"2":1,"3":1},"b":{"0":[0,4],"1":[0,4],"2":[0],"3":[0],"4":[0],"5":[0,0,0],"6":[0,0],"7":[0,0],"8":[0,0],"9":[4,0],"10":[4,0]},"_coverageSchema":"1a1c01bbd47fc00a2c39e90264f33305004495a9","hash":"3358abc21dbfca799cd52dca0cb7d749de9cf77d"}
,"C:\\Users\\tchme\\OneDrive\\Desktop\\Ideas for projects\\Web wood page\\e-commerce-platform\\server\\database.js": {"path":"C:\\Users\\tchme\\OneDrive\\Desktop\\Ideas for projects\\Web wood page\\e-commerce-platform\\server\\database.js","statementMap":{"0":{"start":{"line":1,"column":20},"end":{"line":1,"column":40}},"1":{"start":{"line":3,"column":0},"end":{"line":5,"column":1}},"2":{"start":{"line":4,"column":4},"end":{"line":4,"column":31}},"3":{"start":{"line":8,"column":0},"end":{"line":29,"column":1}},"4":{"start":{"line":10,"column":4},"end":{"line":10,"column":69}},"5":{"start":{"line":12,"column":4},"end":{"line":28,"column":6}},"6":{"start":{"line":31,"column":18},"end":{"line":40,"column":1}},"7":{"start":{"line":32,"column":4},"end":{"line":39,"column":5}},"8":{"start":{"line":33,"column":8},"end":{"line":33,"column":39}},"9":{"start":{"line":34,"column":8},"end":{"line":34,"column":44}},"10":{"start":{"line":35,"column":8},"end":{"line":35,"column":60}},"11":{"start":{"line":37,"column":8},"end":{"line":37,"column":67}},"12":{"start":{"line":38,"column":8},"end":{"line":38,"column":24}},"13":{"start":{"line":42,"column":0},"end":{"line":42,"column":40}}},"fnMap":{"0":{"name":"(anonymous_0)","decl":{"start":{"line":31,"column":18},"end":{"line":31,"column":19}},"loc":{"start":{"line":31,"column":30},"end":{"line":40,"column":1}},"line":31}},"branchMap":{"0":{"loc":{"start":{"line":3,"column":0},"end":{"line":5,"column":1}},"type":"if","locations":[{"start":{"line":3,"column":0},"end":{"line":5,"column":1}},{"start":{},"end":{}}],"line":3},"1":{"loc":{"start":{"line":8,"column":0},"end":{"line":29,"column":1}},"type":"if","locations":[{"start":{"line":8,"column":0},"end":{"line":29,"column":1}},{"start":{"line":11,"column":7},"end":{"line":29,"column":1}}],"line":8}},"s":{"0":4,"1":4,"2":0,"3":4,"4":4,"5":0,"6":4,"7":0,"8":0,"9":0,"10":0,"11":0,"12":0,"13":4},"f":{"0":0},"b":{"0":[0,4],"1":[4,0]},"_coverageSchema":"1a1c01bbd47fc00a2c39e90264f33305004495a9","hash":"88cce614e165648126903b657168ffb8c101495b"}
,"C:\\Users\\tchme\\OneDrive\\Desktop\\Ideas for projects\\Web wood page\\e-commerce-platform\\server\\config\\database.js": {"path":"C:\\Users\\tchme\\OneDrive\\Desktop\\Ideas for projects\\Web wood page\\e-commerce-platform\\server\\config\\database.js","statementMap":{"0":{"start":{"line":1,"column":11},"end":{"line":1,"column":33}},"1":{"start":{"line":3,"column":0},"end":{"line":3,"column":20}}},"fnMap":{},"branchMap":{},"s":{"0":4,"1":4},"f":{},"b":{},"_coverageSchema":"1a1c01bbd47fc00a2c39e90264f33305004495a9","hash":"dfc23c57cd4a98d5ee8ff834d52f08b60fccdd2c"}
,"C:\\Users\\tchme\\OneDrive\\Desktop\\Ideas for projects\\Web wood page\\e-commerce-platform\\server\\middleware\\admin.js": {"path":"C:\\Users\\tchme\\OneDrive\\Desktop\\Ideas for projects\\Web wood page\\e-commerce-platform\\server\\middleware\\admin.js","statementMap":{"0":{"start":{"line":1,"column":13},"end":{"line":1,"column":38}},"1":{"start":{"line":3,"column":18},"end":{"line":22,"column":1}},"2":{"start":{"line":4,"column":2},"end":{"line":21,"column":3}},"3":{"start":{"line":6,"column":15},"end":{"line":6,"column":23}},"4":{"start":{"line":7,"column":4},"end":{"line":9,"column":5}},"5":{"start":{"line":8,"column":6},"end":{"line":8,"column":45}},"6":{"start":{"line":10,"column":4},"end":{"line":10,"column":70}},"7":{"start":{"line":10,"column":15},"end":{"line":10,"column":70}},"8":{"start":{"line":13,"column":4},"end":{"line":15,"column":5}},"9":{"start":{"line":14,"column":6},"end":{"line":14,"column":20}},"10":{"start":{"line":17,"column":4},"end":{"line":17,"column":66}},"11":{"start":{"line":19,"column":4},"end":{"line":19,"column":49}},"12":{"start":{"line":20,"column":4},"end":{"line":20,"column":59}},"13":{"start":{"line":24,"column":0},"end":{"line":24,"column":31}}},"fnMap":{"0":{"name":"(anonymous_0)","decl":{"start":{"line":3,"column":18},"end":{"line":3,"column":19}},"loc":{"start":{"line":3,"column":44},"end":{"line":22,"column":1}},"line":3}},"branchMap":{"0":{"loc":{"start":{"line":7,"column":4},"end":{"line":9,"column":5}},"type":"if","locations":[{"start":{"line":7,"column":4},"end":{"line":9,"column":5}},{"start":{},"end":{}}],"line":7},"1":{"loc":{"start":{"line":7,"column":8},"end":{"line":7,"column":27}},"type":"binary-expr","locations":[{"start":{"line":7,"column":8},"end":{"line":7,"column":13}},{"start":{"line":7,"column":17},"end":{"line":7,"column":27}}],"line":7},"2":{"loc":{"start":{"line":10,"column":4},"end":{"line":10,"column":70}},"type":"if","locations":[{"start":{"line":10,"column":4},"end":{"line":10,"column":70}},{"start":{},"end":{}}],"line":10},"3":{"loc":{"start":{"line":13,"column":4},"end":{"line":15,"column":5}},"type":"if","locations":[{"start":{"line":13,"column":4},"end":{"line":15,"column":5}},{"start":{},"end":{}}],"line":13},"4":{"loc":{"start":{"line":13,"column":8},"end":{"line":13,"column":76}},"type":"binary-expr","locations":[{"start":{"line":13,"column":8},"end":{"line":13,"column":29}},{"start":{"line":13,"column":33},"end":{"line":13,"column":76}}],"line":13}},"s":{"0":5,"1":5,"2":5,"3":5,"4":5,"5":1,"6":5,"7":1,"8":4,"9":4,"10":0,"11":0,"12":0,"13":5},"f":{"0":5},"b":{"0":[1,4],"1":[5,2],"2":[1,4],"3":[4,0],"4":[4,1]},"_coverageSchema":"1a1c01bbd47fc00a2c39e90264f33305004495a9","hash":"ff9546f38448eca40682dd41a24d136946e93342"}
,"C:\\Users\\tchme\\OneDrive\\Desktop\\Ideas for projects\\Web wood page\\e-commerce-platform\\server\\middleware\\auth.js": {"path":"C:\\Users\\tchme\\OneDrive\\Desktop\\Ideas for projects\\Web wood page\\e-commerce-platform\\server\\middleware\\auth.js","statementMap":{"0":{"start":{"line":1,"column":12},"end":{"line":1,"column":35}},"1":{"start":{"line":2,"column":13},"end":{"line":2,"column":38}},"2":{"start":{"line":5,"column":13},"end":{"line":34,"column":1}},"3":{"start":{"line":6,"column":22},"end":{"line":6,"column":90}},"4":{"start":{"line":7,"column":21},"end":{"line":7,"column":46}},"5":{"start":{"line":8,"column":14},"end":{"line":8,"column":18}},"6":{"start":{"line":10,"column":2},"end":{"line":11,"column":92}},"7":{"start":{"line":10,"column":19},"end":{"line":10,"column":39}},"8":{"start":{"line":11,"column":7},"end":{"line":11,"column":92}},"9":{"start":{"line":11,"column":59},"end":{"line":11,"column":92}},"10":{"start":{"line":13,"column":2},"end":{"line":13,"column":74}},"11":{"start":{"line":13,"column":14},"end":{"line":13,"column":74}},"12":{"start":{"line":15,"column":2},"end":{"line":33,"column":3}},"13":{"start":{"line":16,"column":20},"end":{"line":16,"column":61}},"14":{"start":{"line":17,"column":4},"end":{"line":17,"column":93}},"15":{"start":{"line":17,"column":37},"end":{"line":17,"column":93}},"16":{"start":{"line":20,"column":4},"end":{"line":20,"column":32}},"17":{"start":{"line":23,"column":4},"end":{"line":28,"column":5}},"18":{"start":{"line":24,"column":19},"end":{"line":24,"column":50}},"19":{"start":{"line":25,"column":6},"end":{"line":25,"column":32}},"20":{"start":{"line":25,"column":16},"end":{"line":25,"column":32}},"21":{"start":{"line":30,"column":4},"end":{"line":30,"column":18}},"22":{"start":{"line":32,"column":4},"end":{"line":32,"column":71}},"23":{"start":{"line":36,"column":0},"end":{"line":36,"column":26}}},"fnMap":{"0":{"name":"(anonymous_0)","decl":{"start":{"line":5,"column":13},"end":{"line":5,"column":14}},"loc":{"start":{"line":5,"column":39},"end":{"line":34,"column":1}},"line":5}},"branchMap":{"0":{"loc":{"start":{"line":6,"column":22},"end":{"line":6,"column":90}},"type":"binary-expr","locations":[{"start":{"line":6,"column":22},"end":{"line":6,"column":33}},{"start":{"line":6,"column":38},"end":{"line":6,"column":61}},{"start":{"line":6,"column":65},"end":{"line":6,"column":89}}],"line":6},"1":{"loc":{"start":{"line":10,"column":2},"end":{"line":11,"column":92}},"type":"if","locations":[{"start":{"line":10,"column":2},"end":{"line":11,"column":92}},{"start":{"line":11,"column":7},"end":{"line":11,"column":92}}],"line":10},"2":{"loc":{"start":{"line":11,"column":7},"end":{"line":11,"column":92}},"type":"if","locations":[{"start":{"line":11,"column":7},"end":{"line":11,"column":92}},{"start":{},"end":{}}],"line":11},"3":{"loc":{"start":{"line":11,"column":11},"end":{"line":11,"column":57}},"type":"binary-expr","locations":[{"start":{"line":11,"column":11},"end":{"line":11,"column":21}},{"start":{"line":11,"column":25},"end":{"line":11,"column":57}}],"line":11},"4":{"loc":{"start":{"line":13,"column":2},"end":{"line":13,"column":74}},"type":"if","locations":[{"start":{"line":13,"column":2},"end":{"line":13,"column":74}},{"start":{},"end":{}}],"line":13},"5":{"loc":{"start":{"line":17,"column":4},"end":{"line":17,"column":93}},"type":"if","locations":[{"start":{"line":17,"column":4},"end":{"line":17,"column":93}},{"start":{},"end":{}}],"line":17},"6":{"loc":{"start":{"line":17,"column":8},"end":{"line":17,"column":35}},"type":"binary-expr","locations":[{"start":{"line":17,"column":8},"end":{"line":17,"column":16}},{"start":{"line":17,"column":20},"end":{"line":17,"column":35}}],"line":17},"7":{"loc":{"start":{"line":25,"column":6},"end":{"line":25,"column":32}},"type":"if","locations":[{"start":{"line":25,"column":6},"end":{"line":25,"column":32}},{"start":{},"end":{}}],"line":25}},"s":{"0":5,"1":5,"2":5,"3":10,"4":10,"5":10,"6":10,"7":0,"8":10,"9":9,"10":10,"11":1,"12":9,"13":9,"14":9,"15":0,"16":9,"17":9,"18":9,"19":9,"20":8,"21":9,"22":0,"23":5},"f":{"0":10},"b":{"0":[10,8,8],"1":[0,10],"2":[9,1],"3":[10,9],"4":[1,9],"5":[0,9],"6":[9,9],"7":[8,1]},"_coverageSchema":"1a1c01bbd47fc00a2c39e90264f33305004495a9","hash":"c3bf9e2be2c8fd1505c3e3a053a44affe05a6161"}
,"C:\\Users\\tchme\\OneDrive\\Desktop\\Ideas for projects\\Web wood page\\e-commerce-platform\\server\\models\\Product.js": {"path":"C:\\Users\\tchme\\OneDrive\\Desktop\\Ideas for projects\\Web wood page\\e-commerce-platform\\server\\models\\Product.js","statementMap":{"0":{"start":{"line":1,"column":22},"end":{"line":1,"column":42}},"1":{"start":{"line":2,"column":22},"end":{"line":2,"column":51}},"2":{"start":{"line":4,"column":27},"end":{"line":4,"column":72}},"3":{"start":{"line":5,"column":22},"end":{"line":5,"column":66}},"4":{"start":{"line":7,"column":16},"end":{"line":87,"column":2}},"5":{"start":{"line":32,"column":8},"end":{"line":32,"column":87}},"6":{"start":{"line":32,"column":32},"end":{"line":32,"column":87}},"7":{"start":{"line":43,"column":8},"end":{"line":43,"column":89}},"8":{"start":{"line":43,"column":34},"end":{"line":43,"column":89}},"9":{"start":{"line":44,"column":8},"end":{"line":46,"column":9}},"10":{"start":{"line":45,"column":10},"end":{"line":45,"column":85}},"11":{"start":{"line":45,"column":42},"end":{"line":45,"column":85}},"12":{"start":{"line":57,"column":8},"end":{"line":57,"column":80}},"13":{"start":{"line":57,"column":35},"end":{"line":57,"column":80}},"14":{"start":{"line":58,"column":8},"end":{"line":64,"column":9}},"15":{"start":{"line":59,"column":10},"end":{"line":59,"column":101}},"16":{"start":{"line":59,"column":51},"end":{"line":59,"column":101}},"17":{"start":{"line":60,"column":10},"end":{"line":60,"column":79}},"18":{"start":{"line":60,"column":30},"end":{"line":60,"column":79}},"19":{"start":{"line":61,"column":10},"end":{"line":61,"column":97}},"20":{"start":{"line":61,"column":39},"end":{"line":61,"column":97}},"21":{"start":{"line":62,"column":22},"end":{"line":62,"column":45}},"22":{"start":{"line":63,"column":10},"end":{"line":63,"column":82}},"23":{"start":{"line":63,"column":33},"end":{"line":63,"column":82}},"24":{"start":{"line":89,"column":0},"end":{"line":89,"column":25}}},"fnMap":{"0":{"name":"(anonymous_0)","decl":{"start":{"line":31,"column":6},"end":{"line":31,"column":7}},"loc":{"start":{"line":31,"column":24},"end":{"line":33,"column":7}},"line":31},"1":{"name":"(anonymous_1)","decl":{"start":{"line":42,"column":6},"end":{"line":42,"column":7}},"loc":{"start":{"line":42,"column":22},"end":{"line":47,"column":7}},"line":42},"2":{"name":"(anonymous_2)","decl":{"start":{"line":56,"column":6},"end":{"line":56,"column":7}},"loc":{"start":{"line":56,"column":28},"end":{"line":65,"column":7}},"line":56}},"branchMap":{"0":{"loc":{"start":{"line":32,"column":8},"end":{"line":32,"column":87}},"type":"if","locations":[{"start":{"line":32,"column":8},"end":{"line":32,"column":87}},{"start":{},"end":{}}],"line":32},"1":{"loc":{"start":{"line":43,"column":8},"end":{"line":43,"column":89}},"type":"if","locations":[{"start":{"line":43,"column":8},"end":{"line":43,"column":89}},{"start":{},"end":{}}],"line":43},"2":{"loc":{"start":{"line":45,"column":10},"end":{"line":45,"column":85}},"type":"if","locations":[{"start":{"line":45,"column":10},"end":{"line":45,"column":85}},{"start":{},"end":{}}],"line":45},"3":{"loc":{"start":{"line":57,"column":8},"end":{"line":57,"column":80}},"type":"if","locations":[{"start":{"line":57,"column":8},"end":{"line":57,"column":80}},{"start":{},"end":{}}],"line":57},"4":{"loc":{"start":{"line":59,"column":10},"end":{"line":59,"column":101}},"type":"if","locations":[{"start":{"line":59,"column":10},"end":{"line":59,"column":101}},{"start":{},"end":{}}],"line":59},"5":{"loc":{"start":{"line":59,"column":14},"end":{"line":59,"column":49}},"type":"binary-expr","locations":[{"start":{"line":59,"column":14},"end":{"line":59,"column":35}},{"start":{"line":59,"column":39},"end":{"line":59,"column":49}}],"line":59},"6":{"loc":{"start":{"line":60,"column":10},"end":{"line":60,"column":79}},"type":"if","locations":[{"start":{"line":60,"column":10},"end":{"line":60,"column":79}},{"start":{},"end":{}}],"line":60},"7":{"loc":{"start":{"line":61,"column":10},"end":{"line":61,"column":97}},"type":"if","locations":[{"start":{"line":61,"column":10},"end":{"line":61,"column":97}},{"start":{},"end":{}}],"line":61},"8":{"loc":{"start":{"line":63,"column":10},"end":{"line":63,"column":82}},"type":"if","locations":[{"start":{"line":63,"column":10},"end":{"line":63,"column":82}},{"start":{},"end":{}}],"line":63}},"s":{"0":3,"1":3,"2":3,"3":3,"4":3,"5":0,"6":0,"7":0,"8":0,"9":0,"10":0,"11":0,"12":0,"13":0,"14":0,"15":0,"16":0,"17":0,"18":0,"19":0,"20":0,"21":0,"22":0,"23":0,"24":3},"f":{"0":0,"1":0,"2":0},"b":{"0":[0,0],"1":[0,0],"2":[0,0],"3":[0,0],"4":[0,0],"5":[0,0],"6":[0,0],"7":[0,0],"8":[0,0]},"_coverageSchema":"1a1c01bbd47fc00a2c39e90264f33305004495a9","hash":"c6950f59059e1101093fdc766cceb95aee3c0f25"}
,"C:\\Users\\tchme\\OneDrive\\Desktop\\Ideas for projects\\Web wood page\\e-commerce-platform\\server\\models\\Request.js": {"path":"C:\\Users\\tchme\\OneDrive\\Desktop\\Ideas for projects\\Web wood page\\e-commerce-platform\\server\\models\\Request.js","statementMap":{"0":{"start":{"line":1,"column":22},"end":{"line":1,"column":42}},"1":{"start":{"line":2,"column":22},"end":{"line":2,"column":51}},"2":{"start":{"line":3,"column":13},"end":{"line":3,"column":30}},"3":{"start":{"line":5,"column":16},"end":{"line":14,"column":2}},"4":{"start":{"line":16,"column":0},"end":{"line":16,"column":22}},"5":{"start":{"line":17,"column":0},"end":{"line":17,"column":24}},"6":{"start":{"line":19,"column":0},"end":{"line":19,"column":25}}},"fnMap":{},"branchMap":{},"s":{"0":3,"1":3,"2":3,"3":3,"4":3,"5":3,"6":3},"f":{},"b":{},"_coverageSchema":"1a1c01bbd47fc00a2c39e90264f33305004495a9","hash":"7dadb780b7c65b2f8f9f1ce52218221357dd1f62"}
,"C:\\Users\\tchme\\OneDrive\\Desktop\\Ideas for projects\\Web wood page\\e-commerce-platform\\server\\models\\User.js": {"path":"C:\\Users\\tchme\\OneDrive\\Desktop\\Ideas for projects\\Web wood page\\e-commerce-platform\\server\\models\\User.js","statementMap":{"0":{"start":{"line":1,"column":22},"end":{"line":1,"column":42}},"1":{"start":{"line":2,"column":22},"end":{"line":2,"column":51}},"2":{"start":{"line":3,"column":15},"end":{"line":3,"column":34}},"3":{"start":{"line":5,"column":13},"end":{"line":59,"column":2}},"4":{"start":{"line":43,"column":6},"end":{"line":45,"column":7}},"5":{"start":{"line":44,"column":8},"end":{"line":44,"column":61}},"6":{"start":{"line":46,"column":6},"end":{"line":48,"column":7}},"7":{"start":{"line":47,"column":8},"end":{"line":47,"column":71}},"8":{"start":{"line":51,"column":6},"end":{"line":53,"column":7}},"9":{"start":{"line":52,"column":8},"end":{"line":52,"column":61}},"10":{"start":{"line":54,"column":6},"end":{"line":56,"column":7}},"11":{"start":{"line":55,"column":8},"end":{"line":55,"column":71}},"12":{"start":{"line":62,"column":0},"end":{"line":64,"column":2}},"13":{"start":{"line":63,"column":2},"end":{"line":63,"column":54}},"14":{"start":{"line":67,"column":0},"end":{"line":74,"column":2}},"15":{"start":{"line":68,"column":2},"end":{"line":68,"column":42}},"16":{"start":{"line":68,"column":29},"end":{"line":68,"column":42}},"17":{"start":{"line":69,"column":20},"end":{"line":69,"column":70}},"18":{"start":{"line":70,"column":2},"end":{"line":70,"column":31}},"19":{"start":{"line":70,"column":18},"end":{"line":70,"column":31}},"20":{"start":{"line":71,"column":2},"end":{"line":71,"column":40}},"21":{"start":{"line":71,"column":27},"end":{"line":71,"column":40}},"22":{"start":{"line":72,"column":18},"end":{"line":72,"column":78}},"23":{"start":{"line":73,"column":2},"end":{"line":73,"column":30}},"24":{"start":{"line":76,"column":0},"end":{"line":76,"column":22}}},"fnMap":{"0":{"name":"(anonymous_0)","decl":{"start":{"line":42,"column":18},"end":{"line":42,"column":19}},"loc":{"start":{"line":42,"column":34},"end":{"line":49,"column":5}},"line":42},"1":{"name":"(anonymous_1)","decl":{"start":{"line":50,"column":18},"end":{"line":50,"column":19}},"loc":{"start":{"line":50,"column":34},"end":{"line":57,"column":5}},"line":50},"2":{"name":"(anonymous_2)","decl":{"start":{"line":62,"column":33},"end":{"line":62,"column":34}},"loc":{"start":{"line":62,"column":58},"end":{"line":64,"column":1}},"line":62},"3":{"name":"(anonymous_3)","decl":{"start":{"line":67,"column":40},"end":{"line":67,"column":41}},"loc":{"start":{"line":67,"column":91},"end":{"line":74,"column":1}},"line":67}},"branchMap":{"0":{"loc":{"start":{"line":43,"column":6},"end":{"line":45,"column":7}},"type":"if","locations":[{"start":{"line":43,"column":6},"end":{"line":45,"column":7}},{"start":{},"end":{}}],"line":43},"1":{"loc":{"start":{"line":46,"column":6},"end":{"line":48,"column":7}},"type":"if","locations":[{"start":{"line":46,"column":6},"end":{"line":48,"column":7}},{"start":{},"end":{}}],"line":46},"2":{"loc":{"start":{"line":51,"column":6},"end":{"line":53,"column":7}},"type":"if","locations":[{"start":{"line":51,"column":6},"end":{"line":53,"column":7}},{"start":{},"end":{}}],"line":51},"3":{"loc":{"start":{"line":54,"column":6},"end":{"line":56,"column":7}},"type":"if","locations":[{"start":{"line":54,"column":6},"end":{"line":56,"column":7}},{"start":{},"end":{}}],"line":54},"4":{"loc":{"start":{"line":68,"column":2},"end":{"line":68,"column":42}},"type":"if","locations":[{"start":{"line":68,"column":2},"end":{"line":68,"column":42}},{"start":{},"end":{}}],"line":68},"5":{"loc":{"start":{"line":70,"column":2},"end":{"line":70,"column":31}},"type":"if","locations":[{"start":{"line":70,"column":2},"end":{"line":70,"column":31}},{"start":{},"end":{}}],"line":70},"6":{"loc":{"start":{"line":71,"column":2},"end":{"line":71,"column":40}},"type":"if","locations":[{"start":{"line":71,"column":2},"end":{"line":71,"column":40}},{"start":{},"end":{}}],"line":71},"7":{"loc":{"start":{"line":73,"column":9},"end":{"line":73,"column":29}},"type":"binary-expr","locations":[{"start":{"line":73,"column":9},"end":{"line":73,"column":18}},{"start":{"line":73,"column":22},"end":{"line":73,"column":29}}],"line":73}},"s":{"0":3,"1":3,"2":3,"3":3,"4":0,"5":0,"6":0,"7":0,"8":0,"9":0,"10":0,"11":0,"12":3,"13":0,"14":3,"15":0,"16":0,"17":0,"18":0,"19":0,"20":0,"21":0,"22":0,"23":0,"24":3},"f":{"0":0,"1":0,"2":0,"3":0},"b":{"0":[0,0],"1":[0,0],"2":[0,0],"3":[0,0],"4":[0,0],"5":[0,0],"6":[0,0],"7":[0,0]},"_coverageSchema":"1a1c01bbd47fc00a2c39e90264f33305004495a9","hash":"acf3c0d201c93adb7767cb0b8bdd87a81a28df70"}
,"C:\\Users\\tchme\\OneDrive\\Desktop\\Ideas for projects\\Web wood page\\e-commerce-platform\\server\\routes\\auth.js": {"path":"C:\\Users\\tchme\\OneDrive\\Desktop\\Ideas for projects\\Web wood page\\e-commerce-platform\\server\\routes\\auth.js","statementMap":{"0":{"start":{"line":2,"column":16},"end":{"line":2,"column":34}},"1":{"start":{"line":3,"column":15},"end":{"line":3,"column":31}},"2":{"start":{"line":4,"column":13},"end":{"line":4,"column":38}},"3":{"start":{"line":5,"column":12},"end":{"line":5,"column":35}},"4":{"start":{"line":6,"column":15},"end":{"line":6,"column":34}},"5":{"start":{"line":7,"column":15},"end":{"line":7,"column":32}},"6":{"start":{"line":10,"column":32},"end":{"line":10,"column":76}},"7":{"start":{"line":11,"column":33},"end":{"line":11,"column":77}},"8":{"start":{"line":13,"column":23},"end":{"line":18,"column":1}},"9":{"start":{"line":21,"column":20},"end":{"line":21,"column":24}},"10":{"start":{"line":22,"column":23},"end":{"line":22,"column":27}},"11":{"start":{"line":23,"column":0},"end":{"line":29,"column":1}},"12":{"start":{"line":24,"column":13},"end":{"line":24,"column":41}},"13":{"start":{"line":25,"column":2},"end":{"line":25,"column":26}},"14":{"start":{"line":26,"column":2},"end":{"line":26,"column":41}},"15":{"start":{"line":32,"column":25},"end":{"line":37,"column":6}},"16":{"start":{"line":39,"column":0},"end":{"line":96,"column":3}},"17":{"start":{"line":40,"column":30},"end":{"line":40,"column":44}},"18":{"start":{"line":42,"column":2},"end":{"line":48,"column":3}},"19":{"start":{"line":43,"column":25},"end":{"line":43,"column":65}},"20":{"start":{"line":44,"column":4},"end":{"line":44,"column":85}},"21":{"start":{"line":44,"column":22},"end":{"line":44,"column":85}},"22":{"start":{"line":46,"column":4},"end":{"line":46,"column":55}},"23":{"start":{"line":47,"column":4},"end":{"line":47,"column":59}},"24":{"start":{"line":51,"column":2},"end":{"line":62,"column":3}},"25":{"start":{"line":52,"column":19},"end":{"line":52,"column":40}},"26":{"start":{"line":53,"column":4},"end":{"line":53,"column":83}},"27":{"start":{"line":53,"column":27},"end":{"line":53,"column":83}},"28":{"start":{"line":55,"column":4},"end":{"line":57,"column":5}},"29":{"start":{"line":56,"column":6},"end":{"line":56,"column":62}},"30":{"start":{"line":59,"column":4},"end":{"line":61,"column":5}},"31":{"start":{"line":60,"column":6},"end":{"line":60,"column":69}},"32":{"start":{"line":64,"column":2},"end":{"line":95,"column":3}},"33":{"start":{"line":65,"column":25},"end":{"line":65,"column":65}},"34":{"start":{"line":66,"column":4},"end":{"line":66,"column":85}},"35":{"start":{"line":66,"column":22},"end":{"line":66,"column":85}},"36":{"start":{"line":68,"column":30},"end":{"line":68,"column":68}},"37":{"start":{"line":70,"column":17},"end":{"line":70,"column":93}},"38":{"start":{"line":73,"column":24},"end":{"line":73,"column":117}},"39":{"start":{"line":74,"column":25},"end":{"line":74,"column":63}},"40":{"start":{"line":78,"column":4},"end":{"line":86,"column":5}},"41":{"start":{"line":79,"column":6},"end":{"line":79,"column":39}},"42":{"start":{"line":80,"column":6},"end":{"line":80,"column":24}},"43":{"start":{"line":81,"column":11},"end":{"line":86,"column":5}},"44":{"start":{"line":83,"column":6},"end":{"line":85,"column":7}},"45":{"start":{"line":84,"column":8},"end":{"line":84,"column":72}},"46":{"start":{"line":88,"column":4},"end":{"line":88,"column":90}},"47":{"start":{"line":89,"column":4},"end":{"line":89,"column":101}},"48":{"start":{"line":91,"column":4},"end":{"line":91,"column":113}},"49":{"start":{"line":93,"column":4},"end":{"line":93,"column":23}},"50":{"start":{"line":94,"column":4},"end":{"line":94,"column":52}},"51":{"start":{"line":98,"column":24},"end":{"line":103,"column":6}},"52":{"start":{"line":105,"column":0},"end":{"line":150,"column":3}},"53":{"start":{"line":106,"column":30},"end":{"line":106,"column":44}},"54":{"start":{"line":108,"column":2},"end":{"line":115,"column":3}},"55":{"start":{"line":109,"column":19},"end":{"line":109,"column":40}},"56":{"start":{"line":110,"column":4},"end":{"line":110,"column":83}},"57":{"start":{"line":110,"column":27},"end":{"line":110,"column":83}},"58":{"start":{"line":112,"column":4},"end":{"line":114,"column":5}},"59":{"start":{"line":113,"column":6},"end":{"line":113,"column":68}},"60":{"start":{"line":117,"column":2},"end":{"line":149,"column":3}},"61":{"start":{"line":118,"column":17},"end":{"line":118,"column":57}},"62":{"start":{"line":119,"column":4},"end":{"line":119,"column":77}},"63":{"start":{"line":119,"column":15},"end":{"line":119,"column":77}},"64":{"start":{"line":121,"column":18},"end":{"line":121,"column":63}},"65":{"start":{"line":122,"column":4},"end":{"line":122,"column":78}},"66":{"start":{"line":122,"column":16},"end":{"line":122,"column":78}},"67":{"start":{"line":124,"column":4},"end":{"line":126,"column":5}},"68":{"start":{"line":125,"column":6},"end":{"line":125,"column":67}},"69":{"start":{"line":128,"column":24},"end":{"line":128,"column":117}},"70":{"start":{"line":129,"column":25},"end":{"line":129,"column":63}},"71":{"start":{"line":132,"column":4},"end":{"line":139,"column":5}},"72":{"start":{"line":133,"column":6},"end":{"line":133,"column":39}},"73":{"start":{"line":134,"column":6},"end":{"line":134,"column":24}},"74":{"start":{"line":135,"column":11},"end":{"line":139,"column":5}},"75":{"start":{"line":136,"column":6},"end":{"line":138,"column":7}},"76":{"start":{"line":137,"column":8},"end":{"line":137,"column":72}},"77":{"start":{"line":141,"column":4},"end":{"line":141,"column":90}},"78":{"start":{"line":142,"column":4},"end":{"line":142,"column":101}},"79":{"start":{"line":145,"column":4},"end":{"line":145,"column":59}},"80":{"start":{"line":147,"column":4},"end":{"line":147,"column":23}},"81":{"start":{"line":148,"column":4},"end":{"line":148,"column":52}},"82":{"start":{"line":153,"column":0},"end":{"line":169,"column":3}},"83":{"start":{"line":154,"column":2},"end":{"line":168,"column":3}},"84":{"start":{"line":155,"column":19},"end":{"line":155,"column":58}},"85":{"start":{"line":156,"column":4},"end":{"line":156,"column":76}},"86":{"start":{"line":156,"column":17},"end":{"line":156,"column":76}},"87":{"start":{"line":158,"column":17},"end":{"line":158,"column":72}},"88":{"start":{"line":159,"column":4},"end":{"line":159,"column":79}},"89":{"start":{"line":159,"column":15},"end":{"line":159,"column":79}},"90":{"start":{"line":162,"column":24},"end":{"line":162,"column":117}},"91":{"start":{"line":163,"column":4},"end":{"line":163,"column":90}},"92":{"start":{"line":164,"column":4},"end":{"line":164,"column":44}},"93":{"start":{"line":166,"column":4},"end":{"line":166,"column":40}},"94":{"start":{"line":167,"column":4},"end":{"line":167,"column":59}},"95":{"start":{"line":172,"column":0},"end":{"line":195,"column":3}},"96":{"start":{"line":173,"column":2},"end":{"line":194,"column":3}},"97":{"start":{"line":174,"column":19},"end":{"line":174,"column":58}},"98":{"start":{"line":175,"column":4},"end":{"line":187,"column":5}},"99":{"start":{"line":176,"column":19},"end":{"line":176,"column":74}},"100":{"start":{"line":177,"column":6},"end":{"line":186,"column":7}},"101":{"start":{"line":178,"column":8},"end":{"line":185,"column":9}},"102":{"start":{"line":179,"column":10},"end":{"line":179,"column":35}},"103":{"start":{"line":180,"column":10},"end":{"line":180,"column":28}},"104":{"start":{"line":181,"column":15},"end":{"line":185,"column":9}},"105":{"start":{"line":182,"column":10},"end":{"line":184,"column":11}},"106":{"start":{"line":183,"column":12},"end":{"line":183,"column":82}},"107":{"start":{"line":188,"column":4},"end":{"line":188,"column":35}},"108":{"start":{"line":189,"column":4},"end":{"line":189,"column":36}},"109":{"start":{"line":190,"column":4},"end":{"line":190,"column":47}},"110":{"start":{"line":192,"column":4},"end":{"line":192,"column":39}},"111":{"start":{"line":193,"column":4},"end":{"line":193,"column":59}},"112":{"start":{"line":197,"column":0},"end":{"line":212,"column":3}},"113":{"start":{"line":198,"column":20},"end":{"line":198,"column":30}},"114":{"start":{"line":199,"column":2},"end":{"line":211,"column":3}},"115":{"start":{"line":200,"column":17},"end":{"line":200,"column":76}},"116":{"start":{"line":201,"column":4},"end":{"line":201,"column":71}},"117":{"start":{"line":201,"column":15},"end":{"line":201,"column":71}},"118":{"start":{"line":203,"column":4},"end":{"line":203,"column":27}},"119":{"start":{"line":204,"column":4},"end":{"line":204,"column":34}},"120":{"start":{"line":205,"column":4},"end":{"line":205,"column":22}},"121":{"start":{"line":207,"column":4},"end":{"line":207,"column":44}},"122":{"start":{"line":209,"column":4},"end":{"line":209,"column":23}},"123":{"start":{"line":210,"column":4},"end":{"line":210,"column":52}},"124":{"start":{"line":214,"column":0},"end":{"line":214,"column":24}}},"fnMap":{"0":{"name":"(anonymous_0)","decl":{"start":{"line":39,"column":41},"end":{"line":39,"column":42}},"loc":{"start":{"line":39,"column":61},"end":{"line":96,"column":1}},"line":39},"1":{"name":"(anonymous_1)","decl":{"start":{"line":105,"column":39},"end":{"line":105,"column":40}},"loc":{"start":{"line":105,"column":59},"end":{"line":150,"column":1}},"line":105},"2":{"name":"(anonymous_2)","decl":{"start":{"line":153,"column":24},"end":{"line":153,"column":25}},"loc":{"start":{"line":153,"column":44},"end":{"line":169,"column":1}},"line":153},"3":{"name":"(anonymous_3)","decl":{"start":{"line":172,"column":23},"end":{"line":172,"column":24}},"loc":{"start":{"line":172,"column":43},"end":{"line":195,"column":1}},"line":172},"4":{"name":"(anonymous_4)","decl":{"start":{"line":197,"column":29},"end":{"line":197,"column":30}},"loc":{"start":{"line":197,"column":49},"end":{"line":212,"column":1}},"line":197}},"branchMap":{"0":{"loc":{"start":{"line":10,"column":32},"end":{"line":10,"column":76}},"type":"binary-expr","locations":[{"start":{"line":10,"column":32},"end":{"line":10,"column":67}},{"start":{"line":10,"column":71},"end":{"line":10,"column":76}}],"line":10},"1":{"loc":{"start":{"line":11,"column":33},"end":{"line":11,"column":77}},"type":"binary-expr","locations":[{"start":{"line":11,"column":33},"end":{"line":11,"column":69}},{"start":{"line":11,"column":73},"end":{"line":11,"column":77}}],"line":11},"2":{"loc":{"start":{"line":32,"column":25},"end":{"line":37,"column":6}},"type":"cond-expr","locations":[{"start":{"line":33,"column":4},"end":{"line":36,"column":5}},{"start":{"line":37,"column":4},"end":{"line":37,"column":6}}],"line":32},"3":{"loc":{"start":{"line":40,"column":30},"end":{"line":40,"column":44}},"type":"binary-expr","locations":[{"start":{"line":40,"column":30},"end":{"line":40,"column":38}},{"start":{"line":40,"column":42},"end":{"line":40,"column":44}}],"line":40},"4":{"loc":{"start":{"line":44,"column":4},"end":{"line":44,"column":85}},"type":"if","locations":[{"start":{"line":44,"column":4},"end":{"line":44,"column":85}},{"start":{},"end":{}}],"line":44},"5":{"loc":{"start":{"line":51,"column":2},"end":{"line":62,"column":3}},"type":"if","locations":[{"start":{"line":51,"column":2},"end":{"line":62,"column":3}},{"start":{"line":54,"column":9},"end":{"line":62,"column":3}}],"line":51},"6":{"loc":{"start":{"line":53,"column":4},"end":{"line":53,"column":83}},"type":"if","locations":[{"start":{"line":53,"column":4},"end":{"line":53,"column":83}},{"start":{},"end":{}}],"line":53},"7":{"loc":{"start":{"line":55,"column":4},"end":{"line":57,"column":5}},"type":"if","locations":[{"start":{"line":55,"column":4},"end":{"line":57,"column":5}},{"start":{},"end":{}}],"line":55},"8":{"loc":{"start":{"line":55,"column":8},"end":{"line":55,"column":67}},"type":"binary-expr","locations":[{"start":{"line":55,"column":8},"end":{"line":55,"column":14}},{"start":{"line":55,"column":18},"end":{"line":55,"column":43}},{"start":{"line":55,"column":47},"end":{"line":55,"column":67}}],"line":55},"9":{"loc":{"start":{"line":59,"column":4},"end":{"line":61,"column":5}},"type":"if","locations":[{"start":{"line":59,"column":4},"end":{"line":61,"column":5}},{"start":{},"end":{}}],"line":59},"10":{"loc":{"start":{"line":59,"column":8},"end":{"line":59,"column":49}},"type":"binary-expr","locations":[{"start":{"line":59,"column":8},"end":{"line":59,"column":17}},{"start":{"line":59,"column":21},"end":{"line":59,"column":49}}],"line":59},"11":{"loc":{"start":{"line":66,"column":4},"end":{"line":66,"column":85}},"type":"if","locations":[{"start":{"line":66,"column":4},"end":{"line":66,"column":85}},{"start":{},"end":{}}],"line":66},"12":{"loc":{"start":{"line":78,"column":4},"end":{"line":86,"column":5}},"type":"if","locations":[{"start":{"line":78,"column":4},"end":{"line":86,"column":5}},{"start":{"line":81,"column":11},"end":{"line":86,"column":5}}],"line":78},"13":{"loc":{"start":{"line":78,"column":8},"end":{"line":78,"column":47}},"type":"binary-expr","locations":[{"start":{"line":78,"column":8},"end":{"line":78,"column":12}},{"start":{"line":78,"column":16},"end":{"line":78,"column":47}}],"line":78},"14":{"loc":{"start":{"line":81,"column":11},"end":{"line":86,"column":5}},"type":"if","locations":[{"start":{"line":81,"column":11},"end":{"line":86,"column":5}},{"start":{},"end":{}}],"line":81},"15":{"loc":{"start":{"line":81,"column":15},"end":{"line":81,"column":30}},"type":"binary-expr","locations":[{"start":{"line":81,"column":15},"end":{"line":81,"column":19}},{"start":{"line":81,"column":23},"end":{"line":81,"column":30}}],"line":81},"16":{"loc":{"start":{"line":83,"column":6},"end":{"line":85,"column":7}},"type":"if","locations":[{"start":{"line":83,"column":6},"end":{"line":85,"column":7}},{"start":{},"end":{}}],"line":83},"17":{"loc":{"start":{"line":98,"column":24},"end":{"line":103,"column":6}},"type":"cond-expr","locations":[{"start":{"line":99,"column":4},"end":{"line":102,"column":5}},{"start":{"line":103,"column":4},"end":{"line":103,"column":6}}],"line":98},"18":{"loc":{"start":{"line":106,"column":30},"end":{"line":106,"column":44}},"type":"binary-expr","locations":[{"start":{"line":106,"column":30},"end":{"line":106,"column":38}},{"start":{"line":106,"column":42},"end":{"line":106,"column":44}}],"line":106},"19":{"loc":{"start":{"line":108,"column":2},"end":{"line":115,"column":3}},"type":"if","locations":[{"start":{"line":108,"column":2},"end":{"line":115,"column":3}},{"start":{"line":111,"column":9},"end":{"line":115,"column":3}}],"line":108},"20":{"loc":{"start":{"line":110,"column":4},"end":{"line":110,"column":83}},"type":"if","locations":[{"start":{"line":110,"column":4},"end":{"line":110,"column":83}},{"start":{},"end":{}}],"line":110},"21":{"loc":{"start":{"line":112,"column":4},"end":{"line":114,"column":5}},"type":"if","locations":[{"start":{"line":112,"column":4},"end":{"line":114,"column":5}},{"start":{},"end":{}}],"line":112},"22":{"loc":{"start":{"line":112,"column":8},"end":{"line":112,"column":51}},"type":"binary-expr","locations":[{"start":{"line":112,"column":8},"end":{"line":112,"column":14}},{"start":{"line":112,"column":18},"end":{"line":112,"column":38}},{"start":{"line":112,"column":42},"end":{"line":112,"column":51}}],"line":112},"23":{"loc":{"start":{"line":119,"column":4},"end":{"line":119,"column":77}},"type":"if","locations":[{"start":{"line":119,"column":4},"end":{"line":119,"column":77}},{"start":{},"end":{}}],"line":119},"24":{"loc":{"start":{"line":122,"column":4},"end":{"line":122,"column":78}},"type":"if","locations":[{"start":{"line":122,"column":4},"end":{"line":122,"column":78}},{"start":{},"end":{}}],"line":122},"25":{"loc":{"start":{"line":124,"column":4},"end":{"line":126,"column":5}},"type":"if","locations":[{"start":{"line":124,"column":4},"end":{"line":126,"column":5}},{"start":{},"end":{}}],"line":124},"26":{"loc":{"start":{"line":132,"column":4},"end":{"line":139,"column":5}},"type":"if","locations":[{"start":{"line":132,"column":4},"end":{"line":139,"column":5}},{"start":{"line":135,"column":11},"end":{"line":139,"column":5}}],"line":132},"27":{"loc":{"start":{"line":132,"column":8},"end":{"line":132,"column":47}},"type":"binary-expr","locations":[{"start":{"line":132,"column":8},"end":{"line":132,"column":12}},{"start":{"line":132,"column":16},"end":{"line":132,"column":47}}],"line":132},"28":{"loc":{"start":{"line":135,"column":11},"end":{"line":139,"column":5}},"type":"if","locations":[{"start":{"line":135,"column":11},"end":{"line":139,"column":5}},{"start":{},"end":{}}],"line":135},"29":{"loc":{"start":{"line":135,"column":15},"end":{"line":135,"column":30}},"type":"binary-expr","locations":[{"start":{"line":135,"column":15},"end":{"line":135,"column":19}},{"start":{"line":135,"column":23},"end":{"line":135,"column":30}}],"line":135},"30":{"loc":{"start":{"line":136,"column":6},"end":{"line":138,"column":7}},"type":"if","locations":[{"start":{"line":136,"column":6},"end":{"line":138,"column":7}},{"start":{},"end":{}}],"line":136},"31":{"loc":{"start":{"line":155,"column":19},"end":{"line":155,"column":58}},"type":"binary-expr","locations":[{"start":{"line":155,"column":19},"end":{"line":155,"column":30}},{"start":{"line":155,"column":34},"end":{"line":155,"column":58}}],"line":155},"32":{"loc":{"start":{"line":156,"column":4},"end":{"line":156,"column":76}},"type":"if","locations":[{"start":{"line":156,"column":4},"end":{"line":156,"column":76}},{"start":{},"end":{}}],"line":156},"33":{"loc":{"start":{"line":159,"column":4},"end":{"line":159,"column":79}},"type":"if","locations":[{"start":{"line":159,"column":4},"end":{"line":159,"column":79}},{"start":{},"end":{}}],"line":159},"34":{"loc":{"start":{"line":174,"column":19},"end":{"line":174,"column":58}},"type":"binary-expr","locations":[{"start":{"line":174,"column":19},"end":{"line":174,"column":30}},{"start":{"line":174,"column":34},"end":{"line":174,"column":58}}],"line":174},"35":{"loc":{"start":{"line":175,"column":4},"end":{"line":187,"column":5}},"type":"if","locations":[{"start":{"line":175,"column":4},"end":{"line":187,"column":5}},{"start":{},"end":{}}],"line":175},"36":{"loc":{"start":{"line":177,"column":6},"end":{"line":186,"column":7}},"type":"if","locations":[{"start":{"line":177,"column":6},"end":{"line":186,"column":7}},{"start":{},"end":{}}],"line":177},"37":{"loc":{"start":{"line":178,"column":8},"end":{"line":185,"column":9}},"type":"if","locations":[{"start":{"line":178,"column":8},"end":{"line":185,"column":9}},{"start":{"line":181,"column":15},"end":{"line":185,"column":9}}],"line":178},"38":{"loc":{"start":{"line":181,"column":15},"end":{"line":185,"column":9}},"type":"if","locations":[{"start":{"line":181,"column":15},"end":{"line":185,"column":9}},{"start":{},"end":{}}],"line":181},"39":{"loc":{"start":{"line":182,"column":10},"end":{"line":184,"column":11}},"type":"if","locations":[{"start":{"line":182,"column":10},"end":{"line":184,"column":11}},{"start":{},"end":{}}],"line":182},"40":{"loc":{"start":{"line":201,"column":4},"end":{"line":201,"column":71}},"type":"if","locations":[{"start":{"line":201,"column":4},"end":{"line":201,"column":71}},{"start":{},"end":{}}],"line":201}},"s":{"0":4,"1":4,"2":4,"3":4,"4":4,"5":4,"6":4,"7":4,"8":4,"9":4,"10":4,"11":4,"12":4,"13":4,"14":4,"15":4,"16":4,"17":2,"18":2,"19":2,"20":2,"21":1,"22":0,"23":0,"24":1,"25":1,"26":1,"27":0,"28":0,"29":0,"30":0,"31":0,"32":1,"33":1,"34":1,"35":0,"36":1,"37":1,"38":1,"39":1,"40":1,"41":0,"42":0,"43":1,"44":1,"45":0,"46":1,"47":1,"48":1,"49":0,"50":0,"51":4,"52":4,"53":4,"54":4,"55":4,"56":4,"57":0,"58":0,"59":0,"60":4,"61":4,"62":4,"63":1,"64":3,"65":3,"66":1,"67":2,"68":1,"69":1,"70":1,"71":1,"72":0,"73":0,"74":1,"75":1,"76":0,"77":1,"78":1,"79":1,"80":0,"81":0,"82":4,"83":0,"84":0,"85":0,"86":0,"87":0,"88":0,"89":0,"90":0,"91":0,"92":0,"93":0,"94":0,"95":4,"96":0,"97":0,"98":0,"99":0,"100":0,"101":0,"102":0,"103":0,"104":0,"105":0,"106":0,"107":0,"108":0,"109":0,"110":0,"111":0,"112":4,"113":2,"114":2,"115":2,"116":2,"117":1,"118":1,"119":1,"120":1,"121":1,"122":0,"123":0,"124":4},"f":{"0":2,"1":4,"2":0,"3":0,"4":2},"b":{"0":[4,4],"1":[4,4],"2":[4,0],"3":[2,0],"4":[1,1],"5":[1,0],"6":[0,1],"7":[0,0],"8":[0,0,0],"9":[0,0],"10":[0,0],"11":[0,1],"12":[0,1],"13":[1,1],"14":[1,0],"15":[1,1],"16":[0,1],"17":[4,0],"18":[4,0],"19":[4,0],"20":[0,4],"21":[0,0],"22":[0,0,0],"23":[1,3],"24":[1,2],"25":[1,1],"26":[0,1],"27":[1,1],"28":[1,0],"29":[1,1],"30":[0,1],"31":[0,0],"32":[0,0],"33":[0,0],"34":[0,0],"35":[0,0],"36":[0,0],"37":[0,0],"38":[0,0],"39":[0,0],"40":[1,1]},"_coverageSchema":"1a1c01bbd47fc00a2c39e90264f33305004495a9","hash":"6ed9ce91e12d9588fbb25eff8d67dcbfc4541f5b"}
,"C:\\Users\\tchme\\OneDrive\\Desktop\\Ideas for projects\\Web wood page\\e-commerce-platform\\server\\routes\\order.js": {"path":"C:\\Users\\tchme\\OneDrive\\Desktop\\Ideas for projects\\Web wood page\\e-commerce-platform\\server\\routes\\order.js","statementMap":{"0":{"start":{"line":2,"column":16},"end":{"line":2,"column":34}},"1":{"start":{"line":3,"column":15},"end":{"line":3,"column":31}},"2":{"start":{"line":4,"column":16},"end":{"line":4,"column":44}},"3":{"start":{"line":5,"column":13},"end":{"line":5,"column":38}},"4":{"start":{"line":6,"column":17},"end":{"line":6,"column":46}},"5":{"start":{"line":7,"column":22},"end":{"line":7,"column":52}},"6":{"start":{"line":9,"column":0},"end":{"line":32,"column":3}},"7":{"start":{"line":10,"column":57},"end":{"line":10,"column":65}},"8":{"start":{"line":12,"column":2},"end":{"line":31,"column":3}},"9":{"start":{"line":13,"column":17},"end":{"line":13,"column":48}},"10":{"start":{"line":14,"column":4},"end":{"line":14,"column":72}},"11":{"start":{"line":14,"column":15},"end":{"line":14,"column":72}},"12":{"start":{"line":16,"column":20},"end":{"line":25,"column":6}},"13":{"start":{"line":27,"column":4},"end":{"line":27,"column":82}},"14":{"start":{"line":29,"column":4},"end":{"line":29,"column":23}},"15":{"start":{"line":30,"column":4},"end":{"line":30,"column":52}},"16":{"start":{"line":35,"column":0},"end":{"line":48,"column":3}},"17":{"start":{"line":36,"column":2},"end":{"line":47,"column":3}},"18":{"start":{"line":37,"column":4},"end":{"line":40,"column":5}},"19":{"start":{"line":38,"column":18},"end":{"line":38,"column":41}},"20":{"start":{"line":39,"column":6},"end":{"line":39,"column":27}},"21":{"start":{"line":42,"column":21},"end":{"line":42,"column":77}},"22":{"start":{"line":43,"column":4},"end":{"line":43,"column":30}},"23":{"start":{"line":45,"column":4},"end":{"line":45,"column":23}},"24":{"start":{"line":46,"column":4},"end":{"line":46,"column":59}},"25":{"start":{"line":51,"column":0},"end":{"line":64,"column":3}},"26":{"start":{"line":52,"column":2},"end":{"line":63,"column":3}},"27":{"start":{"line":53,"column":14},"end":{"line":53,"column":51}},"28":{"start":{"line":54,"column":4},"end":{"line":54,"column":64}},"29":{"start":{"line":54,"column":12},"end":{"line":54,"column":64}},"30":{"start":{"line":56,"column":4},"end":{"line":56,"column":88}},"31":{"start":{"line":56,"column":69},"end":{"line":56,"column":88}},"32":{"start":{"line":58,"column":4},"end":{"line":58,"column":85}},"33":{"start":{"line":58,"column":33},"end":{"line":58,"column":85}},"34":{"start":{"line":59,"column":4},"end":{"line":59,"column":23}},"35":{"start":{"line":61,"column":4},"end":{"line":61,"column":23}},"36":{"start":{"line":62,"column":4},"end":{"line":62,"column":59}},"37":{"start":{"line":67,"column":0},"end":{"line":84,"column":3}},"38":{"start":{"line":68,"column":2},"end":{"line":83,"column":3}},"39":{"start":{"line":69,"column":23},"end":{"line":69,"column":31}},"40":{"start":{"line":70,"column":20},"end":{"line":70,"column":55}},"41":{"start":{"line":71,"column":4},"end":{"line":71,"column":92}},"42":{"start":{"line":71,"column":35},"end":{"line":71,"column":92}},"43":{"start":{"line":73,"column":14},"end":{"line":73,"column":51}},"44":{"start":{"line":74,"column":4},"end":{"line":74,"column":64}},"45":{"start":{"line":74,"column":12},"end":{"line":74,"column":64}},"46":{"start":{"line":76,"column":4},"end":{"line":76,"column":22}},"47":{"start":{"line":77,"column":4},"end":{"line":77,"column":61}},"48":{"start":{"line":78,"column":4},"end":{"line":78,"column":19}},"49":{"start":{"line":79,"column":4},"end":{"line":79,"column":23}},"50":{"start":{"line":81,"column":4},"end":{"line":81,"column":23}},"51":{"start":{"line":82,"column":4},"end":{"line":82,"column":59}},"52":{"start":{"line":87,"column":0},"end":{"line":97,"column":3}},"53":{"start":{"line":88,"column":2},"end":{"line":96,"column":3}},"54":{"start":{"line":89,"column":14},"end":{"line":89,"column":51}},"55":{"start":{"line":90,"column":4},"end":{"line":90,"column":64}},"56":{"start":{"line":90,"column":12},"end":{"line":90,"column":64}},"57":{"start":{"line":91,"column":4},"end":{"line":91,"column":22}},"58":{"start":{"line":92,"column":4},"end":{"line":92,"column":44}},"59":{"start":{"line":94,"column":4},"end":{"line":94,"column":23}},"60":{"start":{"line":95,"column":4},"end":{"line":95,"column":59}},"61":{"start":{"line":99,"column":0},"end":{"line":99,"column":24}}},"fnMap":{"0":{"name":"(anonymous_0)","decl":{"start":{"line":9,"column":23},"end":{"line":9,"column":24}},"loc":{"start":{"line":9,"column":43},"end":{"line":32,"column":1}},"line":9},"1":{"name":"(anonymous_1)","decl":{"start":{"line":35,"column":22},"end":{"line":35,"column":23}},"loc":{"start":{"line":35,"column":42},"end":{"line":48,"column":1}},"line":35},"2":{"name":"(anonymous_2)","decl":{"start":{"line":51,"column":25},"end":{"line":51,"column":26}},"loc":{"start":{"line":51,"column":45},"end":{"line":64,"column":1}},"line":51},"3":{"name":"(anonymous_3)","decl":{"start":{"line":67,"column":45},"end":{"line":67,"column":46}},"loc":{"start":{"line":67,"column":65},"end":{"line":84,"column":1}},"line":67},"4":{"name":"(anonymous_4)","decl":{"start":{"line":87,"column":39},"end":{"line":87,"column":40}},"loc":{"start":{"line":87,"column":59},"end":{"line":97,"column":1}},"line":87}},"branchMap":{"0":{"loc":{"start":{"line":14,"column":4},"end":{"line":14,"column":72}},"type":"if","locations":[{"start":{"line":14,"column":4},"end":{"line":14,"column":72}},{"start":{},"end":{}}],"line":14},"1":{"loc":{"start":{"line":37,"column":4},"end":{"line":40,"column":5}},"type":"if","locations":[{"start":{"line":37,"column":4},"end":{"line":40,"column":5}},{"start":{},"end":{}}],"line":37},"2":{"loc":{"start":{"line":37,"column":8},"end":{"line":37,"column":67}},"type":"binary-expr","locations":[{"start":{"line":37,"column":8},"end":{"line":37,"column":16}},{"start":{"line":37,"column":21},"end":{"line":37,"column":37}},{"start":{"line":37,"column":41},"end":{"line":37,"column":66}}],"line":37},"3":{"loc":{"start":{"line":54,"column":4},"end":{"line":54,"column":64}},"type":"if","locations":[{"start":{"line":54,"column":4},"end":{"line":54,"column":64}},{"start":{},"end":{}}],"line":54},"4":{"loc":{"start":{"line":56,"column":4},"end":{"line":56,"column":88}},"type":"if","locations":[{"start":{"line":56,"column":4},"end":{"line":56,"column":88}},{"start":{},"end":{}}],"line":56},"5":{"loc":{"start":{"line":56,"column":8},"end":{"line":56,"column":67}},"type":"binary-expr","locations":[{"start":{"line":56,"column":8},"end":{"line":56,"column":16}},{"start":{"line":56,"column":21},"end":{"line":56,"column":37}},{"start":{"line":56,"column":41},"end":{"line":56,"column":66}}],"line":56},"6":{"loc":{"start":{"line":58,"column":4},"end":{"line":58,"column":85}},"type":"if","locations":[{"start":{"line":58,"column":4},"end":{"line":58,"column":85}},{"start":{},"end":{}}],"line":58},"7":{"loc":{"start":{"line":71,"column":4},"end":{"line":71,"column":92}},"type":"if","locations":[{"start":{"line":71,"column":4},"end":{"line":71,"column":92}},{"start":{},"end":{}}],"line":71},"8":{"loc":{"start":{"line":74,"column":4},"end":{"line":74,"column":64}},"type":"if","locations":[{"start":{"line":74,"column":4},"end":{"line":74,"column":64}},{"start":{},"end":{}}],"line":74},"9":{"loc":{"start":{"line":77,"column":20},"end":{"line":77,"column":60}},"type":"cond-expr","locations":[{"start":{"line":77,"column":43},"end":{"line":77,"column":47}},{"start":{"line":77,"column":50},"end":{"line":77,"column":60}}],"line":77},"10":{"loc":{"start":{"line":90,"column":4},"end":{"line":90,"column":64}},"type":"if","locations":[{"start":{"line":90,"column":4},"end":{"line":90,"column":64}},{"start":{},"end":{}}],"line":90}},"s":{"0":4,"1":4,"2":4,"3":4,"4":4,"5":4,"6":4,"7":2,"8":2,"9":2,"10":2,"11":1,"12":1,"13":1,"14":0,"15":0,"16":4,"17":2,"18":2,"19":1,"20":1,"21":1,"22":1,"23":0,"24":0,"25":4,"26":1,"27":1,"28":1,"29":0,"30":1,"31":0,"32":1,"33":1,"34":0,"35":0,"36":0,"37":4,"38":2,"39":2,"40":2,"41":2,"42":1,"43":1,"44":1,"45":0,"46":1,"47":1,"48":1,"49":1,"50":0,"51":0,"52":4,"53":1,"54":1,"55":1,"56":0,"57":1,"58":1,"59":0,"60":0,"61":4},"f":{"0":2,"1":2,"2":1,"3":2,"4":1},"b":{"0":[1,1],"1":[1,1],"2":[2,2,1],"3":[0,1],"4":[0,1],"5":[1,1,1],"6":[1,0],"7":[1,1],"8":[0,1],"9":[0,1],"10":[0,1]},"_coverageSchema":"1a1c01bbd47fc00a2c39e90264f33305004495a9","hash":"c3415cd35c6ecd20b9d93a6d7126c19c50240019"}
,"C:\\Users\\tchme\\OneDrive\\Desktop\\Ideas for projects\\Web wood page\\e-commerce-platform\\server\\routes\\products.js": {"path":"C:\\Users\\tchme\\OneDrive\\Desktop\\Ideas for projects\\Web wood page\\e-commerce-platform\\server\\routes\\products.js","statementMap":{"0":{"start":{"line":1,"column":16},"end":{"line":1,"column":34}},"1":{"start":{"line":2,"column":15},"end":{"line":2,"column":31}},"2":{"start":{"line":3,"column":15},"end":{"line":3,"column":35}},"3":{"start":{"line":4,"column":16},"end":{"line":4,"column":44}},"4":{"start":{"line":5,"column":14},"end":{"line":5,"column":39}},"5":{"start":{"line":6,"column":17},"end":{"line":6,"column":46}},"6":{"start":{"line":7,"column":22},"end":{"line":7,"column":52}},"7":{"start":{"line":11,"column":0},"end":{"line":46,"column":3}},"8":{"start":{"line":12,"column":2},"end":{"line":45,"column":3}},"9":{"start":{"line":13,"column":17},"end":{"line":13,"column":59}},"10":{"start":{"line":14,"column":18},"end":{"line":14,"column":77}},"11":{"start":{"line":15,"column":19},"end":{"line":15,"column":37}},"12":{"start":{"line":16,"column":34},"end":{"line":16,"column":43}},"13":{"start":{"line":18,"column":21},"end":{"line":18,"column":91}},"14":{"start":{"line":19,"column":19},"end":{"line":19,"column":38}},"15":{"start":{"line":20,"column":4},"end":{"line":23,"column":5}},"16":{"start":{"line":21,"column":6},"end":{"line":21,"column":32}},"17":{"start":{"line":22,"column":6},"end":{"line":22,"column":30}},"18":{"start":{"line":25,"column":18},"end":{"line":25,"column":36}},"19":{"start":{"line":26,"column":4},"end":{"line":26,"column":44}},"20":{"start":{"line":26,"column":18},"end":{"line":26,"column":44}},"21":{"start":{"line":27,"column":4},"end":{"line":27,"column":49}},"22":{"start":{"line":27,"column":11},"end":{"line":27,"column":49}},"23":{"start":{"line":28,"column":4},"end":{"line":28,"column":67}},"24":{"start":{"line":28,"column":14},"end":{"line":28,"column":67}},"25":{"start":{"line":30,"column":21},"end":{"line":36,"column":6}},"26":{"start":{"line":38,"column":4},"end":{"line":38,"column":38}},"27":{"start":{"line":39,"column":4},"end":{"line":39,"column":51}},"28":{"start":{"line":40,"column":4},"end":{"line":40,"column":31}},"29":{"start":{"line":41,"column":4},"end":{"line":41,"column":23}},"30":{"start":{"line":43,"column":4},"end":{"line":43,"column":23}},"31":{"start":{"line":44,"column":4},"end":{"line":44,"column":52}},"32":{"start":{"line":49,"column":0},"end":{"line":58,"column":3}},"33":{"start":{"line":50,"column":2},"end":{"line":57,"column":3}},"34":{"start":{"line":51,"column":14},"end":{"line":51,"column":51}},"35":{"start":{"line":52,"column":4},"end":{"line":52,"column":64}},"36":{"start":{"line":52,"column":12},"end":{"line":52,"column":64}},"37":{"start":{"line":53,"column":4},"end":{"line":53,"column":16}},"38":{"start":{"line":55,"column":4},"end":{"line":55,"column":23}},"39":{"start":{"line":56,"column":4},"end":{"line":56,"column":52}},"40":{"start":{"line":61,"column":0},"end":{"line":69,"column":3}},"41":{"start":{"line":62,"column":2},"end":{"line":68,"column":3}},"42":{"start":{"line":63,"column":14},"end":{"line":63,"column":44}},"43":{"start":{"line":64,"column":4},"end":{"line":64,"column":28}},"44":{"start":{"line":66,"column":4},"end":{"line":66,"column":23}},"45":{"start":{"line":67,"column":4},"end":{"line":67,"column":52}},"46":{"start":{"line":72,"column":0},"end":{"line":83,"column":3}},"47":{"start":{"line":73,"column":2},"end":{"line":82,"column":3}},"48":{"start":{"line":74,"column":14},"end":{"line":74,"column":51}},"49":{"start":{"line":75,"column":4},"end":{"line":75,"column":64}},"50":{"start":{"line":75,"column":12},"end":{"line":75,"column":64}},"51":{"start":{"line":76,"column":4},"end":{"line":76,"column":31}},"52":{"start":{"line":77,"column":4},"end":{"line":77,"column":19}},"53":{"start":{"line":78,"column":4},"end":{"line":78,"column":16}},"54":{"start":{"line":80,"column":4},"end":{"line":80,"column":23}},"55":{"start":{"line":81,"column":4},"end":{"line":81,"column":52}},"56":{"start":{"line":86,"column":0},"end":{"line":96,"column":3}},"57":{"start":{"line":87,"column":2},"end":{"line":95,"column":3}},"58":{"start":{"line":88,"column":14},"end":{"line":88,"column":51}},"59":{"start":{"line":89,"column":4},"end":{"line":89,"column":64}},"60":{"start":{"line":89,"column":12},"end":{"line":89,"column":64}},"61":{"start":{"line":90,"column":4},"end":{"line":90,"column":22}},"62":{"start":{"line":91,"column":4},"end":{"line":91,"column":37}},"63":{"start":{"line":93,"column":4},"end":{"line":93,"column":23}},"64":{"start":{"line":94,"column":4},"end":{"line":94,"column":52}},"65":{"start":{"line":98,"column":0},"end":{"line":98,"column":24}}},"fnMap":{"0":{"name":"(anonymous_0)","decl":{"start":{"line":11,"column":16},"end":{"line":11,"column":17}},"loc":{"start":{"line":11,"column":36},"end":{"line":46,"column":1}},"line":11},"1":{"name":"(anonymous_1)","decl":{"start":{"line":49,"column":19},"end":{"line":49,"column":20}},"loc":{"start":{"line":49,"column":39},"end":{"line":58,"column":1}},"line":49},"2":{"name":"(anonymous_2)","decl":{"start":{"line":61,"column":34},"end":{"line":61,"column":35}},"loc":{"start":{"line":61,"column":54},"end":{"line":69,"column":1}},"line":61},"3":{"name":"(anonymous_3)","decl":{"start":{"line":72,"column":36},"end":{"line":72,"column":37}},"loc":{"start":{"line":72,"column":56},"end":{"line":83,"column":1}},"line":72},"4":{"name":"(anonymous_4)","decl":{"start":{"line":86,"column":39},"end":{"line":86,"column":40}},"loc":{"start":{"line":86,"column":59},"end":{"line":96,"column":1}},"line":86}},"branchMap":{"0":{"loc":{"start":{"line":13,"column":29},"end":{"line":13,"column":58}},"type":"binary-expr","locations":[{"start":{"line":13,"column":29},"end":{"line":13,"column":53}},{"start":{"line":13,"column":57},"end":{"line":13,"column":58}}],"line":13},"1":{"loc":{"start":{"line":14,"column":44},"end":{"line":14,"column":75}},"type":"binary-expr","locations":[{"start":{"line":14,"column":44},"end":{"line":14,"column":69}},{"start":{"line":14,"column":73},"end":{"line":14,"column":75}}],"line":14},"2":{"loc":{"start":{"line":18,"column":50},"end":{"line":18,"column":64}},"type":"binary-expr","locations":[{"start":{"line":18,"column":50},"end":{"line":18,"column":58}},{"start":{"line":18,"column":62},"end":{"line":18,"column":64}}],"line":18},"3":{"loc":{"start":{"line":18,"column":68},"end":{"line":18,"column":78}},"type":"binary-expr","locations":[{"start":{"line":18,"column":68},"end":{"line":18,"column":72}},{"start":{"line":18,"column":76},"end":{"line":18,"column":78}}],"line":18},"4":{"loc":{"start":{"line":18,"column":82},"end":{"line":18,"column":89}},"type":"binary-expr","locations":[{"start":{"line":18,"column":82},"end":{"line":18,"column":83}},{"start":{"line":18,"column":87},"end":{"line":18,"column":89}}],"line":18},"5":{"loc":{"start":{"line":20,"column":4},"end":{"line":23,"column":5}},"type":"if","locations":[{"start":{"line":20,"column":4},"end":{"line":23,"column":5}},{"start":{},"end":{}}],"line":20},"6":{"loc":{"start":{"line":26,"column":4},"end":{"line":26,"column":44}},"type":"if","locations":[{"start":{"line":26,"column":4},"end":{"line":26,"column":44}},{"start":{},"end":{}}],"line":26},"7":{"loc":{"start":{"line":27,"column":4},"end":{"line":27,"column":49}},"type":"if","locations":[{"start":{"line":27,"column":4},"end":{"line":27,"column":49}},{"start":{},"end":{}}],"line":27},"8":{"loc":{"start":{"line":28,"column":4},"end":{"line":28,"column":67}},"type":"if","locations":[{"start":{"line":28,"column":4},"end":{"line":28,"column":67}},{"start":{},"end":{}}],"line":28},"9":{"loc":{"start":{"line":52,"column":4},"end":{"line":52,"column":64}},"type":"if","locations":[{"start":{"line":52,"column":4},"end":{"line":52,"column":64}},{"start":{},"end":{}}],"line":52},"10":{"loc":{"start":{"line":75,"column":4},"end":{"line":75,"column":64}},"type":"if","locations":[{"start":{"line":75,"column":4},"end":{"line":75,"column":64}},{"start":{},"end":{}}],"line":75},"11":{"loc":{"start":{"line":89,"column":4},"end":{"line":89,"column":64}},"type":"if","locations":[{"start":{"line":89,"column":4},"end":{"line":89,"column":64}},{"start":{},"end":{}}],"line":89}},"s":{"0":4,"1":4,"2":4,"3":4,"4":4,"5":4,"6":4,"7":4,"8":3,"9":3,"10":3,"11":3,"12":3,"13":3,"14":3,"15":3,"16":1,"17":1,"18":2,"19":2,"20":1,"21":2,"22":1,"23":2,"24":1,"25":2,"26":2,"27":2,"28":2,"29":2,"30":0,"31":0,"32":4,"33":0,"34":0,"35":0,"36":0,"37":0,"38":0,"39":0,"40":4,"41":0,"42":0,"43":0,"44":0,"45":0,"46":4,"47":0,"48":0,"49":0,"50":0,"51":0,"52":0,"53":0,"54":0,"55":0,"56":4,"57":0,"58":0,"59":0,"60":0,"61":0,"62":0,"63":0,"64":0,"65":4},"f":{"0":3,"1":0,"2":0,"3":0,"4":0},"b":{"0":[3,2],"1":[3,2],"2":[3,2],"3":[3,2],"4":[3,2],"5":[1,2],"6":[1,1],"7":[1,1],"8":[1,1],"9":[0,0],"10":[0,0],"11":[0,0]},"_coverageSchema":"1a1c01bbd47fc00a2c39e90264f33305004495a9","hash":"352eca820f1c43ba06ce8e1f34d4017bc19f22c4"}
,"C:\\Users\\tchme\\OneDrive\\Desktop\\Ideas for projects\\Web wood page\\e-commerce-platform\\server\\utils\\cache.js": {"path":"C:\\Users\\tchme\\OneDrive\\Desktop\\Ideas for projects\\Web wood page\\e-commerce-platform\\server\\utils\\cache.js","statementMap":{"0":{"start":{"line":4,"column":4},"end":{"line":4,"column":27}},"1":{"start":{"line":8,"column":21},"end":{"line":8,"column":51}},"2":{"start":{"line":9,"column":4},"end":{"line":9,"column":45}},"3":{"start":{"line":13,"column":18},"end":{"line":13,"column":37}},"4":{"start":{"line":14,"column":4},"end":{"line":14,"column":28}},"5":{"start":{"line":14,"column":16},"end":{"line":14,"column":28}},"6":{"start":{"line":15,"column":4},"end":{"line":18,"column":5}},"7":{"start":{"line":16,"column":6},"end":{"line":16,"column":29}},"8":{"start":{"line":17,"column":6},"end":{"line":17,"column":18}},"9":{"start":{"line":19,"column":4},"end":{"line":19,"column":23}},"10":{"start":{"line":23,"column":4},"end":{"line":23,"column":27}},"11":{"start":{"line":27,"column":4},"end":{"line":27,"column":23}},"12":{"start":{"line":31,"column":0},"end":{"line":31,"column":35}}},"fnMap":{"0":{"name":"(anonymous_0)","decl":{"start":{"line":3,"column":2},"end":{"line":3,"column":3}},"loc":{"start":{"line":3,"column":16},"end":{"line":5,"column":3}},"line":3},"1":{"name":"(anonymous_1)","decl":{"start":{"line":7,"column":2},"end":{"line":7,"column":3}},"loc":{"start":{"line":7,"column":35},"end":{"line":10,"column":3}},"line":7},"2":{"name":"(anonymous_2)","decl":{"start":{"line":12,"column":2},"end":{"line":12,"column":3}},"loc":{"start":{"line":12,"column":11},"end":{"line":20,"column":3}},"line":12},"3":{"name":"(anonymous_3)","decl":{"start":{"line":22,"column":2},"end":{"line":22,"column":3}},"loc":{"start":{"line":22,"column":11},"end":{"line":24,"column":3}},"line":22},"4":{"name":"(anonymous_4)","decl":{"start":{"line":26,"column":2},"end":{"line":26,"column":3}},"loc":{"start":{"line":26,"column":10},"end":{"line":28,"column":3}},"line":26}},"branchMap":{"0":{"loc":{"start":{"line":7,"column":18},"end":{"line":7,"column":33}},"type":"default-arg","locations":[{"start":{"line":7,"column":31},"end":{"line":7,"column":33}}],"line":7},"1":{"loc":{"start":{"line":14,"column":4},"end":{"line":14,"column":28}},"type":"if","locations":[{"start":{"line":14,"column":4},"end":{"line":14,"column":28}},{"start":{},"end":{}}],"line":14},"2":{"loc":{"start":{"line":15,"column":4},"end":{"line":18,"column":5}},"type":"if","locations":[{"start":{"line":15,"column":4},"end":{"line":18,"column":5}},{"start":{},"end":{}}],"line":15}},"s":{"0":4,"1":2,"2":2,"3":3,"4":3,"5":2,"6":1,"7":0,"8":0,"9":1,"10":0,"11":0,"12":4},"f":{"0":4,"1":2,"2":3,"3":0,"4":0},"b":{"0":[0],"1":[2,1],"2":[0,1]},"_coverageSchema":"1a1c01bbd47fc00a2c39e90264f33305004495a9","hash":"f94866227870cfaa4fec704dd6026e1850b521d4"}
}
