{"C:\\Users\\tchme\\OneDrive\\Desktop\\Ideas for projects\\Web wood page\\e-commerce-platform\\server\\app.js": {"path":"C:\\Users\\tchme\\OneDrive\\Desktop\\Ideas for projects\\Web wood page\\e-commerce-platform\\server\\app.js","statementMap":{"0":{"start":{"line":2,"column":0},"end":{"line":4,"column":1}},"1":{"start":{"line":3,"column":2},"end":{"line":3,"column":29}},"2":{"start":{"line":5,"column":16},"end":{"line":5,"column":34}},"3":{"start":{"line":6,"column":13},"end":{"line":6,"column":28}},"4":{"start":{"line":7,"column":15},"end":{"line":7,"column":32}},"5":{"start":{"line":8,"column":21},"end":{"line":8,"column":45}},"6":{"start":{"line":9,"column":22},"end":{"line":9,"column":43}},"7":{"start":{"line":13,"column":0},"end":{"line":17,"column":1}},"8":{"start":{"line":14,"column":2},"end":{"line":14,"column":44}},"9":{"start":{"line":16,"column":2},"end":{"line":16,"column":19}},"10":{"start":{"line":19,"column":12},"end":{"line":19,"column":21}},"11":{"start":{"line":22,"column":0},"end":{"line":24,"column":1}},"12":{"start":{"line":23,"column":2},"end":{"line":23,"column":14}},"13":{"start":{"line":26,"column":0},"end":{"line":26,"column":18}},"14":{"start":{"line":27,"column":0},"end":{"line":27,"column":41}},"15":{"start":{"line":28,"column":0},"end":{"line":28,"column":24}},"16":{"start":{"line":29,"column":0},"end":{"line":29,"column":70}},"17":{"start":{"line":33,"column":30},"end":{"line":56,"column":1}},"18":{"start":{"line":34,"column":14},"end":{"line":34,"column":23}},"19":{"start":{"line":35,"column":2},"end":{"line":55,"column":4}},"20":{"start":{"line":36,"column":4},"end":{"line":54,"column":5}},"21":{"start":{"line":37,"column":18},"end":{"line":37,"column":68}},"22":{"start":{"line":38,"column":18},"end":{"line":38,"column":28}},"23":{"start":{"line":39,"column":20},"end":{"line":39,"column":60}},"24":{"start":{"line":40,"column":6},"end":{"line":45,"column":7}},"25":{"start":{"line":41,"column":8},"end":{"line":41,"column":24}},"26":{"start":{"line":42,"column":8},"end":{"line":42,"column":26}},"27":{"start":{"line":44,"column":8},"end":{"line":44,"column":25}},"28":{"start":{"line":46,"column":6},"end":{"line":46,"column":26}},"29":{"start":{"line":47,"column":6},"end":{"line":50,"column":7}},"30":{"start":{"line":48,"column":8},"end":{"line":48,"column":83}},"31":{"start":{"line":49,"column":8},"end":{"line":49,"column":93}},"32":{"start":{"line":51,"column":6},"end":{"line":51,"column":20}},"33":{"start":{"line":53,"column":6},"end":{"line":53,"column":20}},"34":{"start":{"line":58,"column":21},"end":{"line":60,"column":63}},"35":{"start":{"line":62,"column":22},"end":{"line":64,"column":64}},"36":{"start":{"line":67,"column":0},"end":{"line":67,"column":55}},"37":{"start":{"line":67,"column":27},"end":{"line":67,"column":53}},"38":{"start":{"line":68,"column":0},"end":{"line":68,"column":58}},"39":{"start":{"line":68,"column":30},"end":{"line":68,"column":56}},"40":{"start":{"line":71,"column":0},"end":{"line":71,"column":41}},"41":{"start":{"line":72,"column":0},"end":{"line":72,"column":43}},"42":{"start":{"line":74,"column":0},"end":{"line":74,"column":47}},"43":{"start":{"line":75,"column":0},"end":{"line":75,"column":55}},"44":{"start":{"line":76,"column":0},"end":{"line":76,"column":55}},"45":{"start":{"line":78,"column":0},"end":{"line":78,"column":21}}},"fnMap":{"0":{"name":"(anonymous_0)","decl":{"start":{"line":33,"column":30},"end":{"line":33,"column":31}},"loc":{"start":{"line":33,"column":79},"end":{"line":56,"column":1}},"line":33},"1":{"name":"(anonymous_1)","decl":{"start":{"line":35,"column":9},"end":{"line":35,"column":10}},"loc":{"start":{"line":35,"column":29},"end":{"line":55,"column":3}},"line":35},"2":{"name":"(anonymous_2)","decl":{"start":{"line":67,"column":13},"end":{"line":67,"column":14}},"loc":{"start":{"line":67,"column":27},"end":{"line":67,"column":53}},"line":67},"3":{"name":"(anonymous_3)","decl":{"start":{"line":68,"column":16},"end":{"line":68,"column":17}},"loc":{"start":{"line":68,"column":30},"end":{"line":68,"column":56}},"line":68}},"branchMap":{"0":{"loc":{"start":{"line":2,"column":0},"end":{"line":4,"column":1}},"type":"if","locations":[{"start":{"line":2,"column":0},"end":{"line":4,"column":1}},{"start":{},"end":{}}],"line":2},"1":{"loc":{"start":{"line":22,"column":0},"end":{"line":24,"column":1}},"type":"if","locations":[{"start":{"line":22,"column":0},"end":{"line":24,"column":1}},{"start":{},"end":{}}],"line":22},"2":{"loc":{"start":{"line":33,"column":31},"end":{"line":33,"column":74}},"type":"default-arg","locations":[{"start":{"line":33,"column":72},"end":{"line":33,"column":74}}],"line":33},"3":{"loc":{"start":{"line":33,"column":33},"end":{"line":33,"column":58}},"type":"default-arg","locations":[{"start":{"line":33,"column":44},"end":{"line":33,"column":58}}],"line":33},"4":{"loc":{"start":{"line":33,"column":60},"end":{"line":33,"column":67}},"type":"default-arg","locations":[{"start":{"line":33,"column":66},"end":{"line":33,"column":67}}],"line":33},"5":{"loc":{"start":{"line":37,"column":18},"end":{"line":37,"column":68}},"type":"binary-expr","locations":[{"start":{"line":37,"column":18},"end":{"line":37,"column":24}},{"start":{"line":37,"column":28},"end":{"line":37,"column":56}},{"start":{"line":37,"column":60},"end":{"line":37,"column":68}}],"line":37},"6":{"loc":{"start":{"line":39,"column":20},"end":{"line":39,"column":60}},"type":"binary-expr","locations":[{"start":{"line":39,"column":20},"end":{"line":39,"column":32}},{"start":{"line":39,"column":36},"end":{"line":39,"column":60}}],"line":39},"7":{"loc":{"start":{"line":40,"column":6},"end":{"line":45,"column":7}},"type":"if","locations":[{"start":{"line":40,"column":6},"end":{"line":45,"column":7}},{"start":{"line":43,"column":13},"end":{"line":45,"column":7}}],"line":40},"8":{"loc":{"start":{"line":47,"column":6},"end":{"line":50,"column":7}},"type":"if","locations":[{"start":{"line":47,"column":6},"end":{"line":50,"column":7}},{"start":{},"end":{}}],"line":47},"9":{"loc":{"start":{"line":58,"column":21},"end":{"line":60,"column":63}},"type":"cond-expr","locations":[{"start":{"line":59,"column":4},"end":{"line":59,"column":96}},{"start":{"line":60,"column":4},"end":{"line":60,"column":63}}],"line":58},"10":{"loc":{"start":{"line":62,"column":22},"end":{"line":64,"column":64}},"type":"cond-expr","locations":[{"start":{"line":63,"column":4},"end":{"line":63,"column":97}},{"start":{"line":64,"column":4},"end":{"line":64,"column":64}}],"line":62}},"s":{"0":4,"1":0,"2":4,"3":4,"4":4,"5":4,"6":4,"7":4,"8":4,"9":0,"10":4,"11":4,"12":0,"13":4,"14":4,"15":4,"16":4,"17":4,"18":0,"19":0,"20":0,"21":0,"22":0,"23":0,"24":0,"25":0,"26":0,"27":0,"28":0,"29":0,"30":0,"31":0,"32":0,"33":0,"34":4,"35":4,"36":4,"37":1,"38":4,"39":1,"40":4,"41":4,"42":4,"43":4,"44":4,"45":4},"f":{"0":0,"1":0,"2":1,"3":1},"b":{"0":[0,4],"1":[0,4],"2":[0],"3":[0],"4":[0],"5":[0,0,0],"6":[0,0],"7":[0,0],"8":[0,0],"9":[4,0],"10":[4,0]},"_coverageSchema":"1a1c01bbd47fc00a2c39e90264f33305004495a9","hash":"0387bdf8722a2ca963ad9af7fbbe09195d977f97"}
,"C:\\Users\\tchme\\OneDrive\\Desktop\\Ideas for projects\\Web wood page\\e-commerce-platform\\server\\database.js": {"path":"C:\\Users\\tchme\\OneDrive\\Desktop\\Ideas for projects\\Web wood page\\e-commerce-platform\\server\\database.js","statementMap":{"0":{"start":{"line":1,"column":20},"end":{"line":1,"column":40}},"1":{"start":{"line":3,"column":0},"end":{"line":5,"column":1}},"2":{"start":{"line":4,"column":4},"end":{"line":4,"column":31}},"3":{"start":{"line":8,"column":0},"end":{"line":29,"column":1}},"4":{"start":{"line":10,"column":4},"end":{"line":10,"column":69}},"5":{"start":{"line":12,"column":4},"end":{"line":28,"column":6}},"6":{"start":{"line":31,"column":18},"end":{"line":40,"column":1}},"7":{"start":{"line":32,"column":4},"end":{"line":39,"column":5}},"8":{"start":{"line":33,"column":8},"end":{"line":33,"column":39}},"9":{"start":{"line":34,"column":8},"end":{"line":34,"column":44}},"10":{"start":{"line":35,"column":8},"end":{"line":35,"column":60}},"11":{"start":{"line":37,"column":8},"end":{"line":37,"column":67}},"12":{"start":{"line":38,"column":8},"end":{"line":38,"column":24}},"13":{"start":{"line":42,"column":0},"end":{"line":42,"column":40}}},"fnMap":{"0":{"name":"(anonymous_0)","decl":{"start":{"line":31,"column":18},"end":{"line":31,"column":19}},"loc":{"start":{"line":31,"column":30},"end":{"line":40,"column":1}},"line":31}},"branchMap":{"0":{"loc":{"start":{"line":3,"column":0},"end":{"line":5,"column":1}},"type":"if","locations":[{"start":{"line":3,"column":0},"end":{"line":5,"column":1}},{"start":{},"end":{}}],"line":3},"1":{"loc":{"start":{"line":8,"column":0},"end":{"line":29,"column":1}},"type":"if","locations":[{"start":{"line":8,"column":0},"end":{"line":29,"column":1}},{"start":{"line":11,"column":7},"end":{"line":29,"column":1}}],"line":8}},"s":{"0":4,"1":4,"2":0,"3":4,"4":4,"5":0,"6":4,"7":0,"8":0,"9":0,"10":0,"11":0,"12":0,"13":4},"f":{"0":0},"b":{"0":[0,4],"1":[4,0]},"_coverageSchema":"1a1c01bbd47fc00a2c39e90264f33305004495a9","hash":"88cce614e165648126903b657168ffb8c101495b"}
,"C:\\Users\\tchme\\OneDrive\\Desktop\\Ideas for projects\\Web wood page\\e-commerce-platform\\server\\config\\database.js": {"path":"C:\\Users\\tchme\\OneDrive\\Desktop\\Ideas for projects\\Web wood page\\e-commerce-platform\\server\\config\\database.js","statementMap":{"0":{"start":{"line":1,"column":11},"end":{"line":1,"column":33}},"1":{"start":{"line":3,"column":0},"end":{"line":3,"column":20}}},"fnMap":{},"branchMap":{},"s":{"0":4,"1":4},"f":{},"b":{},"_coverageSchema":"1a1c01bbd47fc00a2c39e90264f33305004495a9","hash":"dfc23c57cd4a98d5ee8ff834d52f08b60fccdd2c"}
,"C:\\Users\\tchme\\OneDrive\\Desktop\\Ideas for projects\\Web wood page\\e-commerce-platform\\server\\middleware\\admin.js": {"path":"C:\\Users\\tchme\\OneDrive\\Desktop\\Ideas for projects\\Web wood page\\e-commerce-platform\\server\\middleware\\admin.js","statementMap":{"0":{"start":{"line":1,"column":13},"end":{"line":1,"column":38}},"1":{"start":{"line":3,"column":18},"end":{"line":22,"column":1}},"2":{"start":{"line":4,"column":2},"end":{"line":21,"column":3}},"3":{"start":{"line":6,"column":15},"end":{"line":6,"column":23}},"4":{"start":{"line":7,"column":4},"end":{"line":9,"column":5}},"5":{"start":{"line":8,"column":6},"end":{"line":8,"column":45}},"6":{"start":{"line":10,"column":4},"end":{"line":10,"column":70}},"7":{"start":{"line":10,"column":15},"end":{"line":10,"column":70}},"8":{"start":{"line":13,"column":4},"end":{"line":15,"column":5}},"9":{"start":{"line":14,"column":6},"end":{"line":14,"column":20}},"10":{"start":{"line":17,"column":4},"end":{"line":17,"column":66}},"11":{"start":{"line":19,"column":4},"end":{"line":19,"column":49}},"12":{"start":{"line":20,"column":4},"end":{"line":20,"column":59}},"13":{"start":{"line":24,"column":0},"end":{"line":24,"column":31}}},"fnMap":{"0":{"name":"(anonymous_0)","decl":{"start":{"line":3,"column":18},"end":{"line":3,"column":19}},"loc":{"start":{"line":3,"column":44},"end":{"line":22,"column":1}},"line":3}},"branchMap":{"0":{"loc":{"start":{"line":7,"column":4},"end":{"line":9,"column":5}},"type":"if","locations":[{"start":{"line":7,"column":4},"end":{"line":9,"column":5}},{"start":{},"end":{}}],"line":7},"1":{"loc":{"start":{"line":7,"column":8},"end":{"line":7,"column":27}},"type":"binary-expr","locations":[{"start":{"line":7,"column":8},"end":{"line":7,"column":13}},{"start":{"line":7,"column":17},"end":{"line":7,"column":27}}],"line":7},"2":{"loc":{"start":{"line":10,"column":4},"end":{"line":10,"column":70}},"type":"if","locations":[{"start":{"line":10,"column":4},"end":{"line":10,"column":70}},{"start":{},"end":{}}],"line":10},"3":{"loc":{"start":{"line":13,"column":4},"end":{"line":15,"column":5}},"type":"if","locations":[{"start":{"line":13,"column":4},"end":{"line":15,"column":5}},{"start":{},"end":{}}],"line":13},"4":{"loc":{"start":{"line":13,"column":8},"end":{"line":13,"column":76}},"type":"binary-expr","locations":[{"start":{"line":13,"column":8},"end":{"line":13,"column":29}},{"start":{"line":13,"column":33},"end":{"line":13,"column":76}}],"line":13}},"s":{"0":4,"1":4,"2":5,"3":5,"4":5,"5":1,"6":5,"7":1,"8":4,"9":4,"10":0,"11":0,"12":0,"13":4},"f":{"0":5},"b":{"0":[1,4],"1":[5,2],"2":[1,4],"3":[4,0],"4":[4,1]},"_coverageSchema":"1a1c01bbd47fc00a2c39e90264f33305004495a9","hash":"ff9546f38448eca40682dd41a24d136946e93342"}
,"C:\\Users\\tchme\\OneDrive\\Desktop\\Ideas for projects\\Web wood page\\e-commerce-platform\\server\\middleware\\auth.js": {"path":"C:\\Users\\tchme\\OneDrive\\Desktop\\Ideas for projects\\Web wood page\\e-commerce-platform\\server\\middleware\\auth.js","statementMap":{"0":{"start":{"line":1,"column":12},"end":{"line":1,"column":35}},"1":{"start":{"line":2,"column":13},"end":{"line":2,"column":38}},"2":{"start":{"line":5,"column":13},"end":{"line":34,"column":1}},"3":{"start":{"line":6,"column":22},"end":{"line":6,"column":90}},"4":{"start":{"line":7,"column":21},"end":{"line":7,"column":46}},"5":{"start":{"line":8,"column":14},"end":{"line":8,"column":18}},"6":{"start":{"line":10,"column":2},"end":{"line":11,"column":92}},"7":{"start":{"line":10,"column":19},"end":{"line":10,"column":39}},"8":{"start":{"line":11,"column":7},"end":{"line":11,"column":92}},"9":{"start":{"line":11,"column":59},"end":{"line":11,"column":92}},"10":{"start":{"line":13,"column":2},"end":{"line":13,"column":74}},"11":{"start":{"line":13,"column":14},"end":{"line":13,"column":74}},"12":{"start":{"line":15,"column":2},"end":{"line":33,"column":3}},"13":{"start":{"line":16,"column":20},"end":{"line":16,"column":61}},"14":{"start":{"line":17,"column":4},"end":{"line":17,"column":93}},"15":{"start":{"line":17,"column":37},"end":{"line":17,"column":93}},"16":{"start":{"line":20,"column":4},"end":{"line":20,"column":32}},"17":{"start":{"line":23,"column":4},"end":{"line":28,"column":5}},"18":{"start":{"line":24,"column":19},"end":{"line":24,"column":50}},"19":{"start":{"line":25,"column":6},"end":{"line":25,"column":32}},"20":{"start":{"line":25,"column":16},"end":{"line":25,"column":32}},"21":{"start":{"line":30,"column":4},"end":{"line":30,"column":18}},"22":{"start":{"line":32,"column":4},"end":{"line":32,"column":71}},"23":{"start":{"line":36,"column":0},"end":{"line":36,"column":26}}},"fnMap":{"0":{"name":"(anonymous_0)","decl":{"start":{"line":5,"column":13},"end":{"line":5,"column":14}},"loc":{"start":{"line":5,"column":39},"end":{"line":34,"column":1}},"line":5}},"branchMap":{"0":{"loc":{"start":{"line":6,"column":22},"end":{"line":6,"column":90}},"type":"binary-expr","locations":[{"start":{"line":6,"column":22},"end":{"line":6,"column":33}},{"start":{"line":6,"column":38},"end":{"line":6,"column":61}},{"start":{"line":6,"column":65},"end":{"line":6,"column":89}}],"line":6},"1":{"loc":{"start":{"line":10,"column":2},"end":{"line":11,"column":92}},"type":"if","locations":[{"start":{"line":10,"column":2},"end":{"line":11,"column":92}},{"start":{"line":11,"column":7},"end":{"line":11,"column":92}}],"line":10},"2":{"loc":{"start":{"line":11,"column":7},"end":{"line":11,"column":92}},"type":"if","locations":[{"start":{"line":11,"column":7},"end":{"line":11,"column":92}},{"start":{},"end":{}}],"line":11},"3":{"loc":{"start":{"line":11,"column":11},"end":{"line":11,"column":57}},"type":"binary-expr","locations":[{"start":{"line":11,"column":11},"end":{"line":11,"column":21}},{"start":{"line":11,"column":25},"end":{"line":11,"column":57}}],"line":11},"4":{"loc":{"start":{"line":13,"column":2},"end":{"line":13,"column":74}},"type":"if","locations":[{"start":{"line":13,"column":2},"end":{"line":13,"column":74}},{"start":{},"end":{}}],"line":13},"5":{"loc":{"start":{"line":17,"column":4},"end":{"line":17,"column":93}},"type":"if","locations":[{"start":{"line":17,"column":4},"end":{"line":17,"column":93}},{"start":{},"end":{}}],"line":17},"6":{"loc":{"start":{"line":17,"column":8},"end":{"line":17,"column":35}},"type":"binary-expr","locations":[{"start":{"line":17,"column":8},"end":{"line":17,"column":16}},{"start":{"line":17,"column":20},"end":{"line":17,"column":35}}],"line":17},"7":{"loc":{"start":{"line":25,"column":6},"end":{"line":25,"column":32}},"type":"if","locations":[{"start":{"line":25,"column":6},"end":{"line":25,"column":32}},{"start":{},"end":{}}],"line":25}},"s":{"0":4,"1":4,"2":4,"3":10,"4":10,"5":10,"6":10,"7":0,"8":10,"9":9,"10":10,"11":1,"12":9,"13":9,"14":9,"15":0,"16":9,"17":9,"18":9,"19":9,"20":8,"21":9,"22":0,"23":4},"f":{"0":10},"b":{"0":[10,8,8],"1":[0,10],"2":[9,1],"3":[10,9],"4":[1,9],"5":[0,9],"6":[9,9],"7":[8,1]},"_coverageSchema":"1a1c01bbd47fc00a2c39e90264f33305004495a9","hash":"c3bf9e2be2c8fd1505c3e3a053a44affe05a6161"}
,"C:\\Users\\tchme\\OneDrive\\Desktop\\Ideas for projects\\Web wood page\\e-commerce-platform\\server\\models\\Product.js": {"path":"C:\\Users\\tchme\\OneDrive\\Desktop\\Ideas for projects\\Web wood page\\e-commerce-platform\\server\\models\\Product.js","statementMap":{"0":{"start":{"line":1,"column":22},"end":{"line":1,"column":42}},"1":{"start":{"line":2,"column":22},"end":{"line":2,"column":51}},"2":{"start":{"line":4,"column":27},"end":{"line":4,"column":72}},"3":{"start":{"line":5,"column":22},"end":{"line":5,"column":66}},"4":{"start":{"line":7,"column":16},"end":{"line":87,"column":2}},"5":{"start":{"line":32,"column":8},"end":{"line":32,"column":87}},"6":{"start":{"line":32,"column":32},"end":{"line":32,"column":87}},"7":{"start":{"line":43,"column":8},"end":{"line":43,"column":89}},"8":{"start":{"line":43,"column":34},"end":{"line":43,"column":89}},"9":{"start":{"line":44,"column":8},"end":{"line":46,"column":9}},"10":{"start":{"line":45,"column":10},"end":{"line":45,"column":85}},"11":{"start":{"line":45,"column":42},"end":{"line":45,"column":85}},"12":{"start":{"line":57,"column":8},"end":{"line":57,"column":80}},"13":{"start":{"line":57,"column":35},"end":{"line":57,"column":80}},"14":{"start":{"line":58,"column":8},"end":{"line":64,"column":9}},"15":{"start":{"line":59,"column":10},"end":{"line":59,"column":101}},"16":{"start":{"line":59,"column":51},"end":{"line":59,"column":101}},"17":{"start":{"line":60,"column":10},"end":{"line":60,"column":79}},"18":{"start":{"line":60,"column":30},"end":{"line":60,"column":79}},"19":{"start":{"line":61,"column":10},"end":{"line":61,"column":97}},"20":{"start":{"line":61,"column":39},"end":{"line":61,"column":97}},"21":{"start":{"line":62,"column":22},"end":{"line":62,"column":45}},"22":{"start":{"line":63,"column":10},"end":{"line":63,"column":82}},"23":{"start":{"line":63,"column":33},"end":{"line":63,"column":82}},"24":{"start":{"line":89,"column":0},"end":{"line":89,"column":25}}},"fnMap":{"0":{"name":"(anonymous_0)","decl":{"start":{"line":31,"column":6},"end":{"line":31,"column":7}},"loc":{"start":{"line":31,"column":24},"end":{"line":33,"column":7}},"line":31},"1":{"name":"(anonymous_1)","decl":{"start":{"line":42,"column":6},"end":{"line":42,"column":7}},"loc":{"start":{"line":42,"column":22},"end":{"line":47,"column":7}},"line":42},"2":{"name":"(anonymous_2)","decl":{"start":{"line":56,"column":6},"end":{"line":56,"column":7}},"loc":{"start":{"line":56,"column":28},"end":{"line":65,"column":7}},"line":56}},"branchMap":{"0":{"loc":{"start":{"line":32,"column":8},"end":{"line":32,"column":87}},"type":"if","locations":[{"start":{"line":32,"column":8},"end":{"line":32,"column":87}},{"start":{},"end":{}}],"line":32},"1":{"loc":{"start":{"line":43,"column":8},"end":{"line":43,"column":89}},"type":"if","locations":[{"start":{"line":43,"column":8},"end":{"line":43,"column":89}},{"start":{},"end":{}}],"line":43},"2":{"loc":{"start":{"line":45,"column":10},"end":{"line":45,"column":85}},"type":"if","locations":[{"start":{"line":45,"column":10},"end":{"line":45,"column":85}},{"start":{},"end":{}}],"line":45},"3":{"loc":{"start":{"line":57,"column":8},"end":{"line":57,"column":80}},"type":"if","locations":[{"start":{"line":57,"column":8},"end":{"line":57,"column":80}},{"start":{},"end":{}}],"line":57},"4":{"loc":{"start":{"line":59,"column":10},"end":{"line":59,"column":101}},"type":"if","locations":[{"start":{"line":59,"column":10},"end":{"line":59,"column":101}},{"start":{},"end":{}}],"line":59},"5":{"loc":{"start":{"line":59,"column":14},"end":{"line":59,"column":49}},"type":"binary-expr","locations":[{"start":{"line":59,"column":14},"end":{"line":59,"column":35}},{"start":{"line":59,"column":39},"end":{"line":59,"column":49}}],"line":59},"6":{"loc":{"start":{"line":60,"column":10},"end":{"line":60,"column":79}},"type":"if","locations":[{"start":{"line":60,"column":10},"end":{"line":60,"column":79}},{"start":{},"end":{}}],"line":60},"7":{"loc":{"start":{"line":61,"column":10},"end":{"line":61,"column":97}},"type":"if","locations":[{"start":{"line":61,"column":10},"end":{"line":61,"column":97}},{"start":{},"end":{}}],"line":61},"8":{"loc":{"start":{"line":63,"column":10},"end":{"line":63,"column":82}},"type":"if","locations":[{"start":{"line":63,"column":10},"end":{"line":63,"column":82}},{"start":{},"end":{}}],"line":63}},"s":{"0":3,"1":3,"2":3,"3":3,"4":3,"5":0,"6":0,"7":0,"8":0,"9":0,"10":0,"11":0,"12":0,"13":0,"14":0,"15":0,"16":0,"17":0,"18":0,"19":0,"20":0,"21":0,"22":0,"23":0,"24":3},"f":{"0":0,"1":0,"2":0},"b":{"0":[0,0],"1":[0,0],"2":[0,0],"3":[0,0],"4":[0,0],"5":[0,0],"6":[0,0],"7":[0,0],"8":[0,0]},"_coverageSchema":"1a1c01bbd47fc00a2c39e90264f33305004495a9","hash":"c6950f59059e1101093fdc766cceb95aee3c0f25"}
,"C:\\Users\\tchme\\OneDrive\\Desktop\\Ideas for projects\\Web wood page\\e-commerce-platform\\server\\models\\Request.js": {"path":"C:\\Users\\tchme\\OneDrive\\Desktop\\Ideas for projects\\Web wood page\\e-commerce-platform\\server\\models\\Request.js","statementMap":{"0":{"start":{"line":1,"column":22},"end":{"line":1,"column":42}},"1":{"start":{"line":2,"column":22},"end":{"line":2,"column":51}},"2":{"start":{"line":3,"column":13},"end":{"line":3,"column":30}},"3":{"start":{"line":4,"column":16},"end":{"line":4,"column":36}},"4":{"start":{"line":6,"column":16},"end":{"line":72,"column":2}},"5":{"start":{"line":75,"column":0},"end":{"line":75,"column":22}},"6":{"start":{"line":76,"column":0},"end":{"line":76,"column":24}},"7":{"start":{"line":78,"column":0},"end":{"line":78,"column":25}},"8":{"start":{"line":79,"column":0},"end":{"line":79,"column":27}},"9":{"start":{"line":81,"column":0},"end":{"line":81,"column":25}}},"fnMap":{},"branchMap":{},"s":{"0":2,"1":2,"2":2,"3":2,"4":2,"5":2,"6":2,"7":2,"8":2,"9":2},"f":{},"b":{},"_coverageSchema":"1a1c01bbd47fc00a2c39e90264f33305004495a9","hash":"f31495a03db6cb1a80cb3ded41a1d8a525fc952f"}
,"C:\\Users\\tchme\\OneDrive\\Desktop\\Ideas for projects\\Web wood page\\e-commerce-platform\\server\\models\\User.js": {"path":"C:\\Users\\tchme\\OneDrive\\Desktop\\Ideas for projects\\Web wood page\\e-commerce-platform\\server\\models\\User.js","statementMap":{"0":{"start":{"line":1,"column":22},"end":{"line":1,"column":42}},"1":{"start":{"line":2,"column":22},"end":{"line":2,"column":51}},"2":{"start":{"line":3,"column":15},"end":{"line":3,"column":34}},"3":{"start":{"line":5,"column":13},"end":{"line":59,"column":2}},"4":{"start":{"line":43,"column":6},"end":{"line":45,"column":7}},"5":{"start":{"line":44,"column":8},"end":{"line":44,"column":61}},"6":{"start":{"line":46,"column":6},"end":{"line":48,"column":7}},"7":{"start":{"line":47,"column":8},"end":{"line":47,"column":71}},"8":{"start":{"line":51,"column":6},"end":{"line":53,"column":7}},"9":{"start":{"line":52,"column":8},"end":{"line":52,"column":61}},"10":{"start":{"line":54,"column":6},"end":{"line":56,"column":7}},"11":{"start":{"line":55,"column":8},"end":{"line":55,"column":71}},"12":{"start":{"line":62,"column":0},"end":{"line":64,"column":2}},"13":{"start":{"line":63,"column":2},"end":{"line":63,"column":54}},"14":{"start":{"line":67,"column":0},"end":{"line":74,"column":2}},"15":{"start":{"line":68,"column":2},"end":{"line":68,"column":42}},"16":{"start":{"line":68,"column":29},"end":{"line":68,"column":42}},"17":{"start":{"line":69,"column":20},"end":{"line":69,"column":70}},"18":{"start":{"line":70,"column":2},"end":{"line":70,"column":31}},"19":{"start":{"line":70,"column":18},"end":{"line":70,"column":31}},"20":{"start":{"line":71,"column":2},"end":{"line":71,"column":40}},"21":{"start":{"line":71,"column":27},"end":{"line":71,"column":40}},"22":{"start":{"line":72,"column":18},"end":{"line":72,"column":78}},"23":{"start":{"line":73,"column":2},"end":{"line":73,"column":30}},"24":{"start":{"line":76,"column":0},"end":{"line":76,"column":22}}},"fnMap":{"0":{"name":"(anonymous_0)","decl":{"start":{"line":42,"column":18},"end":{"line":42,"column":19}},"loc":{"start":{"line":42,"column":34},"end":{"line":49,"column":5}},"line":42},"1":{"name":"(anonymous_1)","decl":{"start":{"line":50,"column":18},"end":{"line":50,"column":19}},"loc":{"start":{"line":50,"column":34},"end":{"line":57,"column":5}},"line":50},"2":{"name":"(anonymous_2)","decl":{"start":{"line":62,"column":33},"end":{"line":62,"column":34}},"loc":{"start":{"line":62,"column":58},"end":{"line":64,"column":1}},"line":62},"3":{"name":"(anonymous_3)","decl":{"start":{"line":67,"column":40},"end":{"line":67,"column":41}},"loc":{"start":{"line":67,"column":91},"end":{"line":74,"column":1}},"line":67}},"branchMap":{"0":{"loc":{"start":{"line":43,"column":6},"end":{"line":45,"column":7}},"type":"if","locations":[{"start":{"line":43,"column":6},"end":{"line":45,"column":7}},{"start":{},"end":{}}],"line":43},"1":{"loc":{"start":{"line":46,"column":6},"end":{"line":48,"column":7}},"type":"if","locations":[{"start":{"line":46,"column":6},"end":{"line":48,"column":7}},{"start":{},"end":{}}],"line":46},"2":{"loc":{"start":{"line":51,"column":6},"end":{"line":53,"column":7}},"type":"if","locations":[{"start":{"line":51,"column":6},"end":{"line":53,"column":7}},{"start":{},"end":{}}],"line":51},"3":{"loc":{"start":{"line":54,"column":6},"end":{"line":56,"column":7}},"type":"if","locations":[{"start":{"line":54,"column":6},"end":{"line":56,"column":7}},{"start":{},"end":{}}],"line":54},"4":{"loc":{"start":{"line":68,"column":2},"end":{"line":68,"column":42}},"type":"if","locations":[{"start":{"line":68,"column":2},"end":{"line":68,"column":42}},{"start":{},"end":{}}],"line":68},"5":{"loc":{"start":{"line":70,"column":2},"end":{"line":70,"column":31}},"type":"if","locations":[{"start":{"line":70,"column":2},"end":{"line":70,"column":31}},{"start":{},"end":{}}],"line":70},"6":{"loc":{"start":{"line":71,"column":2},"end":{"line":71,"column":40}},"type":"if","locations":[{"start":{"line":71,"column":2},"end":{"line":71,"column":40}},{"start":{},"end":{}}],"line":71},"7":{"loc":{"start":{"line":73,"column":9},"end":{"line":73,"column":29}},"type":"binary-expr","locations":[{"start":{"line":73,"column":9},"end":{"line":73,"column":18}},{"start":{"line":73,"column":22},"end":{"line":73,"column":29}}],"line":73}},"s":{"0":3,"1":3,"2":3,"3":3,"4":0,"5":0,"6":0,"7":0,"8":0,"9":0,"10":0,"11":0,"12":3,"13":0,"14":3,"15":0,"16":0,"17":0,"18":0,"19":0,"20":0,"21":0,"22":0,"23":0,"24":3},"f":{"0":0,"1":0,"2":0,"3":0},"b":{"0":[0,0],"1":[0,0],"2":[0,0],"3":[0,0],"4":[0,0],"5":[0,0],"6":[0,0],"7":[0,0]},"_coverageSchema":"1a1c01bbd47fc00a2c39e90264f33305004495a9","hash":"acf3c0d201c93adb7767cb0b8bdd87a81a28df70"}
,"C:\\Users\\tchme\\OneDrive\\Desktop\\Ideas for projects\\Web wood page\\e-commerce-platform\\server\\routes\\auth.js": {"path":"C:\\Users\\tchme\\OneDrive\\Desktop\\Ideas for projects\\Web wood page\\e-commerce-platform\\server\\routes\\auth.js","statementMap":{"0":{"start":{"line":2,"column":16},"end":{"line":2,"column":34}},"1":{"start":{"line":3,"column":15},"end":{"line":3,"column":31}},"2":{"start":{"line":4,"column":13},"end":{"line":4,"column":38}},"3":{"start":{"line":5,"column":12},"end":{"line":5,"column":35}},"4":{"start":{"line":6,"column":15},"end":{"line":6,"column":34}},"5":{"start":{"line":7,"column":15},"end":{"line":7,"column":32}},"6":{"start":{"line":10,"column":32},"end":{"line":10,"column":76}},"7":{"start":{"line":11,"column":33},"end":{"line":11,"column":77}},"8":{"start":{"line":13,"column":23},"end":{"line":18,"column":1}},"9":{"start":{"line":21,"column":20},"end":{"line":21,"column":24}},"10":{"start":{"line":22,"column":23},"end":{"line":22,"column":27}},"11":{"start":{"line":23,"column":0},"end":{"line":29,"column":1}},"12":{"start":{"line":24,"column":13},"end":{"line":24,"column":41}},"13":{"start":{"line":25,"column":2},"end":{"line":25,"column":26}},"14":{"start":{"line":26,"column":2},"end":{"line":26,"column":41}},"15":{"start":{"line":32,"column":25},"end":{"line":37,"column":6}},"16":{"start":{"line":39,"column":0},"end":{"line":96,"column":3}},"17":{"start":{"line":40,"column":30},"end":{"line":40,"column":44}},"18":{"start":{"line":42,"column":2},"end":{"line":48,"column":3}},"19":{"start":{"line":43,"column":25},"end":{"line":43,"column":65}},"20":{"start":{"line":44,"column":4},"end":{"line":44,"column":85}},"21":{"start":{"line":44,"column":22},"end":{"line":44,"column":85}},"22":{"start":{"line":46,"column":4},"end":{"line":46,"column":55}},"23":{"start":{"line":47,"column":4},"end":{"line":47,"column":59}},"24":{"start":{"line":51,"column":2},"end":{"line":62,"column":3}},"25":{"start":{"line":52,"column":19},"end":{"line":52,"column":40}},"26":{"start":{"line":53,"column":4},"end":{"line":53,"column":83}},"27":{"start":{"line":53,"column":27},"end":{"line":53,"column":83}},"28":{"start":{"line":55,"column":4},"end":{"line":57,"column":5}},"29":{"start":{"line":56,"column":6},"end":{"line":56,"column":62}},"30":{"start":{"line":59,"column":4},"end":{"line":61,"column":5}},"31":{"start":{"line":60,"column":6},"end":{"line":60,"column":69}},"32":{"start":{"line":64,"column":2},"end":{"line":95,"column":3}},"33":{"start":{"line":65,"column":25},"end":{"line":65,"column":65}},"34":{"start":{"line":66,"column":4},"end":{"line":66,"column":85}},"35":{"start":{"line":66,"column":22},"end":{"line":66,"column":85}},"36":{"start":{"line":68,"column":30},"end":{"line":68,"column":68}},"37":{"start":{"line":70,"column":17},"end":{"line":70,"column":93}},"38":{"start":{"line":73,"column":24},"end":{"line":73,"column":117}},"39":{"start":{"line":74,"column":25},"end":{"line":74,"column":63}},"40":{"start":{"line":78,"column":4},"end":{"line":86,"column":5}},"41":{"start":{"line":79,"column":6},"end":{"line":79,"column":39}},"42":{"start":{"line":80,"column":6},"end":{"line":80,"column":24}},"43":{"start":{"line":81,"column":11},"end":{"line":86,"column":5}},"44":{"start":{"line":83,"column":6},"end":{"line":85,"column":7}},"45":{"start":{"line":84,"column":8},"end":{"line":84,"column":72}},"46":{"start":{"line":88,"column":4},"end":{"line":88,"column":90}},"47":{"start":{"line":89,"column":4},"end":{"line":89,"column":101}},"48":{"start":{"line":91,"column":4},"end":{"line":91,"column":113}},"49":{"start":{"line":93,"column":4},"end":{"line":93,"column":23}},"50":{"start":{"line":94,"column":4},"end":{"line":94,"column":52}},"51":{"start":{"line":98,"column":24},"end":{"line":103,"column":6}},"52":{"start":{"line":105,"column":0},"end":{"line":149,"column":3}},"53":{"start":{"line":106,"column":30},"end":{"line":106,"column":44}},"54":{"start":{"line":108,"column":2},"end":{"line":115,"column":3}},"55":{"start":{"line":109,"column":19},"end":{"line":109,"column":40}},"56":{"start":{"line":110,"column":4},"end":{"line":110,"column":83}},"57":{"start":{"line":110,"column":27},"end":{"line":110,"column":83}},"58":{"start":{"line":112,"column":4},"end":{"line":114,"column":5}},"59":{"start":{"line":113,"column":6},"end":{"line":113,"column":74}},"60":{"start":{"line":117,"column":2},"end":{"line":148,"column":3}},"61":{"start":{"line":118,"column":17},"end":{"line":118,"column":57}},"62":{"start":{"line":119,"column":4},"end":{"line":119,"column":83}},"63":{"start":{"line":119,"column":15},"end":{"line":119,"column":83}},"64":{"start":{"line":121,"column":4},"end":{"line":123,"column":5}},"65":{"start":{"line":122,"column":6},"end":{"line":122,"column":91}},"66":{"start":{"line":125,"column":18},"end":{"line":125,"column":54}},"67":{"start":{"line":126,"column":4},"end":{"line":126,"column":84}},"68":{"start":{"line":126,"column":16},"end":{"line":126,"column":84}},"69":{"start":{"line":128,"column":18},"end":{"line":128,"column":109}},"70":{"start":{"line":129,"column":25},"end":{"line":129,"column":63}},"71":{"start":{"line":132,"column":4},"end":{"line":139,"column":5}},"72":{"start":{"line":133,"column":6},"end":{"line":133,"column":39}},"73":{"start":{"line":134,"column":6},"end":{"line":134,"column":24}},"74":{"start":{"line":135,"column":11},"end":{"line":139,"column":5}},"75":{"start":{"line":136,"column":6},"end":{"line":138,"column":7}},"76":{"start":{"line":137,"column":8},"end":{"line":137,"column":72}},"77":{"start":{"line":141,"column":4},"end":{"line":141,"column":93}},"78":{"start":{"line":142,"column":4},"end":{"line":142,"column":101}},"79":{"start":{"line":144,"column":4},"end":{"line":144,"column":95}},"80":{"start":{"line":146,"column":4},"end":{"line":146,"column":23}},"81":{"start":{"line":147,"column":4},"end":{"line":147,"column":52}},"82":{"start":{"line":152,"column":29},"end":{"line":158,"column":6}},"83":{"start":{"line":160,"column":0},"end":{"line":211,"column":3}},"84":{"start":{"line":161,"column":45},"end":{"line":161,"column":59}},"85":{"start":{"line":163,"column":2},"end":{"line":170,"column":3}},"86":{"start":{"line":164,"column":19},"end":{"line":164,"column":40}},"87":{"start":{"line":165,"column":4},"end":{"line":165,"column":83}},"88":{"start":{"line":165,"column":27},"end":{"line":165,"column":83}},"89":{"start":{"line":167,"column":4},"end":{"line":169,"column":5}},"90":{"start":{"line":168,"column":6},"end":{"line":168,"column":68}},"91":{"start":{"line":172,"column":2},"end":{"line":210,"column":3}},"92":{"start":{"line":173,"column":17},"end":{"line":173,"column":57}},"93":{"start":{"line":174,"column":4},"end":{"line":174,"column":77}},"94":{"start":{"line":174,"column":15},"end":{"line":174,"column":77}},"95":{"start":{"line":176,"column":4},"end":{"line":178,"column":5}},"96":{"start":{"line":177,"column":6},"end":{"line":177,"column":70}},"97":{"start":{"line":180,"column":33},"end":{"line":180,"column":69}},"98":{"start":{"line":181,"column":4},"end":{"line":181,"column":93}},"99":{"start":{"line":181,"column":31},"end":{"line":181,"column":93}},"100":{"start":{"line":183,"column":31},"end":{"line":183,"column":86}},"101":{"start":{"line":184,"column":4},"end":{"line":184,"column":97}},"102":{"start":{"line":184,"column":29},"end":{"line":184,"column":97}},"103":{"start":{"line":186,"column":4},"end":{"line":188,"column":5}},"104":{"start":{"line":187,"column":6},"end":{"line":187,"column":91}},"105":{"start":{"line":190,"column":18},"end":{"line":190,"column":122}},"106":{"start":{"line":191,"column":25},"end":{"line":191,"column":63}},"107":{"start":{"line":194,"column":4},"end":{"line":201,"column":5}},"108":{"start":{"line":195,"column":6},"end":{"line":195,"column":39}},"109":{"start":{"line":196,"column":6},"end":{"line":196,"column":24}},"110":{"start":{"line":197,"column":11},"end":{"line":201,"column":5}},"111":{"start":{"line":198,"column":6},"end":{"line":200,"column":7}},"112":{"start":{"line":199,"column":8},"end":{"line":199,"column":72}},"113":{"start":{"line":203,"column":4},"end":{"line":203,"column":93}},"114":{"start":{"line":204,"column":4},"end":{"line":204,"column":101}},"115":{"start":{"line":206,"column":4},"end":{"line":206,"column":93}},"116":{"start":{"line":208,"column":4},"end":{"line":208,"column":23}},"117":{"start":{"line":209,"column":4},"end":{"line":209,"column":52}},"118":{"start":{"line":214,"column":0},"end":{"line":230,"column":3}},"119":{"start":{"line":215,"column":2},"end":{"line":229,"column":3}},"120":{"start":{"line":216,"column":19},"end":{"line":216,"column":58}},"121":{"start":{"line":217,"column":4},"end":{"line":217,"column":76}},"122":{"start":{"line":217,"column":17},"end":{"line":217,"column":76}},"123":{"start":{"line":219,"column":17},"end":{"line":219,"column":72}},"124":{"start":{"line":220,"column":4},"end":{"line":220,"column":79}},"125":{"start":{"line":220,"column":15},"end":{"line":220,"column":79}},"126":{"start":{"line":223,"column":24},"end":{"line":223,"column":117}},"127":{"start":{"line":224,"column":4},"end":{"line":224,"column":90}},"128":{"start":{"line":225,"column":4},"end":{"line":225,"column":44}},"129":{"start":{"line":227,"column":4},"end":{"line":227,"column":40}},"130":{"start":{"line":228,"column":4},"end":{"line":228,"column":59}},"131":{"start":{"line":233,"column":0},"end":{"line":256,"column":3}},"132":{"start":{"line":234,"column":2},"end":{"line":255,"column":3}},"133":{"start":{"line":235,"column":19},"end":{"line":235,"column":58}},"134":{"start":{"line":236,"column":4},"end":{"line":248,"column":5}},"135":{"start":{"line":237,"column":19},"end":{"line":237,"column":74}},"136":{"start":{"line":238,"column":6},"end":{"line":247,"column":7}},"137":{"start":{"line":239,"column":8},"end":{"line":246,"column":9}},"138":{"start":{"line":240,"column":10},"end":{"line":240,"column":35}},"139":{"start":{"line":241,"column":10},"end":{"line":241,"column":28}},"140":{"start":{"line":242,"column":15},"end":{"line":246,"column":9}},"141":{"start":{"line":243,"column":10},"end":{"line":245,"column":11}},"142":{"start":{"line":244,"column":12},"end":{"line":244,"column":82}},"143":{"start":{"line":249,"column":4},"end":{"line":249,"column":35}},"144":{"start":{"line":250,"column":4},"end":{"line":250,"column":36}},"145":{"start":{"line":251,"column":4},"end":{"line":251,"column":47}},"146":{"start":{"line":253,"column":4},"end":{"line":253,"column":39}},"147":{"start":{"line":254,"column":4},"end":{"line":254,"column":59}},"148":{"start":{"line":259,"column":30},"end":{"line":261,"column":6}},"149":{"start":{"line":263,"column":0},"end":{"line":288,"column":3}},"150":{"start":{"line":264,"column":20},"end":{"line":264,"column":34}},"151":{"start":{"line":266,"column":2},"end":{"line":273,"column":3}},"152":{"start":{"line":267,"column":19},"end":{"line":267,"column":40}},"153":{"start":{"line":268,"column":4},"end":{"line":268,"column":83}},"154":{"start":{"line":268,"column":27},"end":{"line":268,"column":83}},"155":{"start":{"line":270,"column":4},"end":{"line":272,"column":5}},"156":{"start":{"line":271,"column":6},"end":{"line":271,"column":66}},"157":{"start":{"line":275,"column":2},"end":{"line":287,"column":3}},"158":{"start":{"line":276,"column":17},"end":{"line":276,"column":76}},"159":{"start":{"line":277,"column":4},"end":{"line":277,"column":71}},"160":{"start":{"line":277,"column":15},"end":{"line":277,"column":71}},"161":{"start":{"line":279,"column":4},"end":{"line":279,"column":27}},"162":{"start":{"line":280,"column":4},"end":{"line":280,"column":34}},"163":{"start":{"line":281,"column":4},"end":{"line":281,"column":22}},"164":{"start":{"line":283,"column":4},"end":{"line":283,"column":69}},"165":{"start":{"line":285,"column":4},"end":{"line":285,"column":23}},"166":{"start":{"line":286,"column":4},"end":{"line":286,"column":52}},"167":{"start":{"line":291,"column":0},"end":{"line":306,"column":3}},"168":{"start":{"line":292,"column":20},"end":{"line":292,"column":30}},"169":{"start":{"line":293,"column":2},"end":{"line":305,"column":3}},"170":{"start":{"line":294,"column":17},"end":{"line":294,"column":76}},"171":{"start":{"line":295,"column":4},"end":{"line":295,"column":71}},"172":{"start":{"line":295,"column":15},"end":{"line":295,"column":71}},"173":{"start":{"line":297,"column":4},"end":{"line":297,"column":27}},"174":{"start":{"line":298,"column":4},"end":{"line":298,"column":34}},"175":{"start":{"line":299,"column":4},"end":{"line":299,"column":22}},"176":{"start":{"line":301,"column":4},"end":{"line":301,"column":44}},"177":{"start":{"line":303,"column":4},"end":{"line":303,"column":23}},"178":{"start":{"line":304,"column":4},"end":{"line":304,"column":52}},"179":{"start":{"line":308,"column":0},"end":{"line":308,"column":24}}},"fnMap":{"0":{"name":"(anonymous_0)","decl":{"start":{"line":39,"column":41},"end":{"line":39,"column":42}},"loc":{"start":{"line":39,"column":61},"end":{"line":96,"column":1}},"line":39},"1":{"name":"(anonymous_1)","decl":{"start":{"line":105,"column":39},"end":{"line":105,"column":40}},"loc":{"start":{"line":105,"column":59},"end":{"line":149,"column":1}},"line":105},"2":{"name":"(anonymous_2)","decl":{"start":{"line":160,"column":50},"end":{"line":160,"column":51}},"loc":{"start":{"line":160,"column":70},"end":{"line":211,"column":1}},"line":160},"3":{"name":"(anonymous_3)","decl":{"start":{"line":214,"column":24},"end":{"line":214,"column":25}},"loc":{"start":{"line":214,"column":44},"end":{"line":230,"column":1}},"line":214},"4":{"name":"(anonymous_4)","decl":{"start":{"line":233,"column":23},"end":{"line":233,"column":24}},"loc":{"start":{"line":233,"column":43},"end":{"line":256,"column":1}},"line":233},"5":{"name":"(anonymous_5)","decl":{"start":{"line":263,"column":52},"end":{"line":263,"column":53}},"loc":{"start":{"line":263,"column":72},"end":{"line":288,"column":1}},"line":263},"6":{"name":"(anonymous_6)","decl":{"start":{"line":291,"column":29},"end":{"line":291,"column":30}},"loc":{"start":{"line":291,"column":49},"end":{"line":306,"column":1}},"line":291}},"branchMap":{"0":{"loc":{"start":{"line":10,"column":32},"end":{"line":10,"column":76}},"type":"binary-expr","locations":[{"start":{"line":10,"column":32},"end":{"line":10,"column":67}},{"start":{"line":10,"column":71},"end":{"line":10,"column":76}}],"line":10},"1":{"loc":{"start":{"line":11,"column":33},"end":{"line":11,"column":77}},"type":"binary-expr","locations":[{"start":{"line":11,"column":33},"end":{"line":11,"column":69}},{"start":{"line":11,"column":73},"end":{"line":11,"column":77}}],"line":11},"2":{"loc":{"start":{"line":32,"column":25},"end":{"line":37,"column":6}},"type":"cond-expr","locations":[{"start":{"line":33,"column":4},"end":{"line":36,"column":5}},{"start":{"line":37,"column":4},"end":{"line":37,"column":6}}],"line":32},"3":{"loc":{"start":{"line":40,"column":30},"end":{"line":40,"column":44}},"type":"binary-expr","locations":[{"start":{"line":40,"column":30},"end":{"line":40,"column":38}},{"start":{"line":40,"column":42},"end":{"line":40,"column":44}}],"line":40},"4":{"loc":{"start":{"line":44,"column":4},"end":{"line":44,"column":85}},"type":"if","locations":[{"start":{"line":44,"column":4},"end":{"line":44,"column":85}},{"start":{},"end":{}}],"line":44},"5":{"loc":{"start":{"line":51,"column":2},"end":{"line":62,"column":3}},"type":"if","locations":[{"start":{"line":51,"column":2},"end":{"line":62,"column":3}},{"start":{"line":54,"column":9},"end":{"line":62,"column":3}}],"line":51},"6":{"loc":{"start":{"line":53,"column":4},"end":{"line":53,"column":83}},"type":"if","locations":[{"start":{"line":53,"column":4},"end":{"line":53,"column":83}},{"start":{},"end":{}}],"line":53},"7":{"loc":{"start":{"line":55,"column":4},"end":{"line":57,"column":5}},"type":"if","locations":[{"start":{"line":55,"column":4},"end":{"line":57,"column":5}},{"start":{},"end":{}}],"line":55},"8":{"loc":{"start":{"line":55,"column":8},"end":{"line":55,"column":67}},"type":"binary-expr","locations":[{"start":{"line":55,"column":8},"end":{"line":55,"column":14}},{"start":{"line":55,"column":18},"end":{"line":55,"column":43}},{"start":{"line":55,"column":47},"end":{"line":55,"column":67}}],"line":55},"9":{"loc":{"start":{"line":59,"column":4},"end":{"line":61,"column":5}},"type":"if","locations":[{"start":{"line":59,"column":4},"end":{"line":61,"column":5}},{"start":{},"end":{}}],"line":59},"10":{"loc":{"start":{"line":59,"column":8},"end":{"line":59,"column":49}},"type":"binary-expr","locations":[{"start":{"line":59,"column":8},"end":{"line":59,"column":17}},{"start":{"line":59,"column":21},"end":{"line":59,"column":49}}],"line":59},"11":{"loc":{"start":{"line":66,"column":4},"end":{"line":66,"column":85}},"type":"if","locations":[{"start":{"line":66,"column":4},"end":{"line":66,"column":85}},{"start":{},"end":{}}],"line":66},"12":{"loc":{"start":{"line":78,"column":4},"end":{"line":86,"column":5}},"type":"if","locations":[{"start":{"line":78,"column":4},"end":{"line":86,"column":5}},{"start":{"line":81,"column":11},"end":{"line":86,"column":5}}],"line":78},"13":{"loc":{"start":{"line":78,"column":8},"end":{"line":78,"column":47}},"type":"binary-expr","locations":[{"start":{"line":78,"column":8},"end":{"line":78,"column":12}},{"start":{"line":78,"column":16},"end":{"line":78,"column":47}}],"line":78},"14":{"loc":{"start":{"line":81,"column":11},"end":{"line":86,"column":5}},"type":"if","locations":[{"start":{"line":81,"column":11},"end":{"line":86,"column":5}},{"start":{},"end":{}}],"line":81},"15":{"loc":{"start":{"line":81,"column":15},"end":{"line":81,"column":30}},"type":"binary-expr","locations":[{"start":{"line":81,"column":15},"end":{"line":81,"column":19}},{"start":{"line":81,"column":23},"end":{"line":81,"column":30}}],"line":81},"16":{"loc":{"start":{"line":83,"column":6},"end":{"line":85,"column":7}},"type":"if","locations":[{"start":{"line":83,"column":6},"end":{"line":85,"column":7}},{"start":{},"end":{}}],"line":83},"17":{"loc":{"start":{"line":98,"column":24},"end":{"line":103,"column":6}},"type":"cond-expr","locations":[{"start":{"line":99,"column":4},"end":{"line":102,"column":5}},{"start":{"line":103,"column":4},"end":{"line":103,"column":6}}],"line":98},"18":{"loc":{"start":{"line":106,"column":30},"end":{"line":106,"column":44}},"type":"binary-expr","locations":[{"start":{"line":106,"column":30},"end":{"line":106,"column":38}},{"start":{"line":106,"column":42},"end":{"line":106,"column":44}}],"line":106},"19":{"loc":{"start":{"line":108,"column":2},"end":{"line":115,"column":3}},"type":"if","locations":[{"start":{"line":108,"column":2},"end":{"line":115,"column":3}},{"start":{"line":111,"column":9},"end":{"line":115,"column":3}}],"line":108},"20":{"loc":{"start":{"line":110,"column":4},"end":{"line":110,"column":83}},"type":"if","locations":[{"start":{"line":110,"column":4},"end":{"line":110,"column":83}},{"start":{},"end":{}}],"line":110},"21":{"loc":{"start":{"line":112,"column":4},"end":{"line":114,"column":5}},"type":"if","locations":[{"start":{"line":112,"column":4},"end":{"line":114,"column":5}},{"start":{},"end":{}}],"line":112},"22":{"loc":{"start":{"line":112,"column":8},"end":{"line":112,"column":51}},"type":"binary-expr","locations":[{"start":{"line":112,"column":8},"end":{"line":112,"column":14}},{"start":{"line":112,"column":18},"end":{"line":112,"column":38}},{"start":{"line":112,"column":42},"end":{"line":112,"column":51}}],"line":112},"23":{"loc":{"start":{"line":119,"column":4},"end":{"line":119,"column":83}},"type":"if","locations":[{"start":{"line":119,"column":4},"end":{"line":119,"column":83}},{"start":{},"end":{}}],"line":119},"24":{"loc":{"start":{"line":121,"column":4},"end":{"line":123,"column":5}},"type":"if","locations":[{"start":{"line":121,"column":4},"end":{"line":123,"column":5}},{"start":{},"end":{}}],"line":121},"25":{"loc":{"start":{"line":126,"column":4},"end":{"line":126,"column":84}},"type":"if","locations":[{"start":{"line":126,"column":4},"end":{"line":126,"column":84}},{"start":{},"end":{}}],"line":126},"26":{"loc":{"start":{"line":132,"column":4},"end":{"line":139,"column":5}},"type":"if","locations":[{"start":{"line":132,"column":4},"end":{"line":139,"column":5}},{"start":{"line":135,"column":11},"end":{"line":139,"column":5}}],"line":132},"27":{"loc":{"start":{"line":132,"column":8},"end":{"line":132,"column":47}},"type":"binary-expr","locations":[{"start":{"line":132,"column":8},"end":{"line":132,"column":12}},{"start":{"line":132,"column":16},"end":{"line":132,"column":47}}],"line":132},"28":{"loc":{"start":{"line":135,"column":11},"end":{"line":139,"column":5}},"type":"if","locations":[{"start":{"line":135,"column":11},"end":{"line":139,"column":5}},{"start":{},"end":{}}],"line":135},"29":{"loc":{"start":{"line":135,"column":15},"end":{"line":135,"column":30}},"type":"binary-expr","locations":[{"start":{"line":135,"column":15},"end":{"line":135,"column":19}},{"start":{"line":135,"column":23},"end":{"line":135,"column":30}}],"line":135},"30":{"loc":{"start":{"line":136,"column":6},"end":{"line":138,"column":7}},"type":"if","locations":[{"start":{"line":136,"column":6},"end":{"line":138,"column":7}},{"start":{},"end":{}}],"line":136},"31":{"loc":{"start":{"line":152,"column":29},"end":{"line":158,"column":6}},"type":"cond-expr","locations":[{"start":{"line":153,"column":4},"end":{"line":157,"column":5}},{"start":{"line":158,"column":4},"end":{"line":158,"column":6}}],"line":152},"32":{"loc":{"start":{"line":161,"column":45},"end":{"line":161,"column":59}},"type":"binary-expr","locations":[{"start":{"line":161,"column":45},"end":{"line":161,"column":53}},{"start":{"line":161,"column":57},"end":{"line":161,"column":59}}],"line":161},"33":{"loc":{"start":{"line":163,"column":2},"end":{"line":170,"column":3}},"type":"if","locations":[{"start":{"line":163,"column":2},"end":{"line":170,"column":3}},{"start":{"line":166,"column":9},"end":{"line":170,"column":3}}],"line":163},"34":{"loc":{"start":{"line":165,"column":4},"end":{"line":165,"column":83}},"type":"if","locations":[{"start":{"line":165,"column":4},"end":{"line":165,"column":83}},{"start":{},"end":{}}],"line":165},"35":{"loc":{"start":{"line":167,"column":4},"end":{"line":169,"column":5}},"type":"if","locations":[{"start":{"line":167,"column":4},"end":{"line":169,"column":5}},{"start":{},"end":{}}],"line":167},"36":{"loc":{"start":{"line":167,"column":8},"end":{"line":167,"column":69}},"type":"binary-expr","locations":[{"start":{"line":167,"column":8},"end":{"line":167,"column":14}},{"start":{"line":167,"column":18},"end":{"line":167,"column":38}},{"start":{"line":167,"column":42},"end":{"line":167,"column":51}},{"start":{"line":167,"column":55},"end":{"line":167,"column":69}}],"line":167},"37":{"loc":{"start":{"line":174,"column":4},"end":{"line":174,"column":77}},"type":"if","locations":[{"start":{"line":174,"column":4},"end":{"line":174,"column":77}},{"start":{},"end":{}}],"line":174},"38":{"loc":{"start":{"line":176,"column":4},"end":{"line":178,"column":5}},"type":"if","locations":[{"start":{"line":176,"column":4},"end":{"line":178,"column":5}},{"start":{},"end":{}}],"line":176},"39":{"loc":{"start":{"line":181,"column":4},"end":{"line":181,"column":93}},"type":"if","locations":[{"start":{"line":181,"column":4},"end":{"line":181,"column":93}},{"start":{},"end":{}}],"line":181},"40":{"loc":{"start":{"line":184,"column":4},"end":{"line":184,"column":97}},"type":"if","locations":[{"start":{"line":184,"column":4},"end":{"line":184,"column":97}},{"start":{},"end":{}}],"line":184},"41":{"loc":{"start":{"line":186,"column":4},"end":{"line":188,"column":5}},"type":"if","locations":[{"start":{"line":186,"column":4},"end":{"line":188,"column":5}},{"start":{},"end":{}}],"line":186},"42":{"loc":{"start":{"line":194,"column":4},"end":{"line":201,"column":5}},"type":"if","locations":[{"start":{"line":194,"column":4},"end":{"line":201,"column":5}},{"start":{"line":197,"column":11},"end":{"line":201,"column":5}}],"line":194},"43":{"loc":{"start":{"line":194,"column":8},"end":{"line":194,"column":47}},"type":"binary-expr","locations":[{"start":{"line":194,"column":8},"end":{"line":194,"column":12}},{"start":{"line":194,"column":16},"end":{"line":194,"column":47}}],"line":194},"44":{"loc":{"start":{"line":197,"column":11},"end":{"line":201,"column":5}},"type":"if","locations":[{"start":{"line":197,"column":11},"end":{"line":201,"column":5}},{"start":{},"end":{}}],"line":197},"45":{"loc":{"start":{"line":197,"column":15},"end":{"line":197,"column":30}},"type":"binary-expr","locations":[{"start":{"line":197,"column":15},"end":{"line":197,"column":19}},{"start":{"line":197,"column":23},"end":{"line":197,"column":30}}],"line":197},"46":{"loc":{"start":{"line":198,"column":6},"end":{"line":200,"column":7}},"type":"if","locations":[{"start":{"line":198,"column":6},"end":{"line":200,"column":7}},{"start":{},"end":{}}],"line":198},"47":{"loc":{"start":{"line":216,"column":19},"end":{"line":216,"column":58}},"type":"binary-expr","locations":[{"start":{"line":216,"column":19},"end":{"line":216,"column":30}},{"start":{"line":216,"column":34},"end":{"line":216,"column":58}}],"line":216},"48":{"loc":{"start":{"line":217,"column":4},"end":{"line":217,"column":76}},"type":"if","locations":[{"start":{"line":217,"column":4},"end":{"line":217,"column":76}},{"start":{},"end":{}}],"line":217},"49":{"loc":{"start":{"line":220,"column":4},"end":{"line":220,"column":79}},"type":"if","locations":[{"start":{"line":220,"column":4},"end":{"line":220,"column":79}},{"start":{},"end":{}}],"line":220},"50":{"loc":{"start":{"line":235,"column":19},"end":{"line":235,"column":58}},"type":"binary-expr","locations":[{"start":{"line":235,"column":19},"end":{"line":235,"column":30}},{"start":{"line":235,"column":34},"end":{"line":235,"column":58}}],"line":235},"51":{"loc":{"start":{"line":236,"column":4},"end":{"line":248,"column":5}},"type":"if","locations":[{"start":{"line":236,"column":4},"end":{"line":248,"column":5}},{"start":{},"end":{}}],"line":236},"52":{"loc":{"start":{"line":238,"column":6},"end":{"line":247,"column":7}},"type":"if","locations":[{"start":{"line":238,"column":6},"end":{"line":247,"column":7}},{"start":{},"end":{}}],"line":238},"53":{"loc":{"start":{"line":239,"column":8},"end":{"line":246,"column":9}},"type":"if","locations":[{"start":{"line":239,"column":8},"end":{"line":246,"column":9}},{"start":{"line":242,"column":15},"end":{"line":246,"column":9}}],"line":239},"54":{"loc":{"start":{"line":242,"column":15},"end":{"line":246,"column":9}},"type":"if","locations":[{"start":{"line":242,"column":15},"end":{"line":246,"column":9}},{"start":{},"end":{}}],"line":242},"55":{"loc":{"start":{"line":243,"column":10},"end":{"line":245,"column":11}},"type":"if","locations":[{"start":{"line":243,"column":10},"end":{"line":245,"column":11}},{"start":{},"end":{}}],"line":243},"56":{"loc":{"start":{"line":259,"column":30},"end":{"line":261,"column":6}},"type":"cond-expr","locations":[{"start":{"line":260,"column":4},"end":{"line":260,"column":70}},{"start":{"line":261,"column":4},"end":{"line":261,"column":6}}],"line":259},"57":{"loc":{"start":{"line":264,"column":20},"end":{"line":264,"column":34}},"type":"binary-expr","locations":[{"start":{"line":264,"column":20},"end":{"line":264,"column":28}},{"start":{"line":264,"column":32},"end":{"line":264,"column":34}}],"line":264},"58":{"loc":{"start":{"line":266,"column":2},"end":{"line":273,"column":3}},"type":"if","locations":[{"start":{"line":266,"column":2},"end":{"line":273,"column":3}},{"start":{"line":269,"column":9},"end":{"line":273,"column":3}}],"line":266},"59":{"loc":{"start":{"line":268,"column":4},"end":{"line":268,"column":83}},"type":"if","locations":[{"start":{"line":268,"column":4},"end":{"line":268,"column":83}},{"start":{},"end":{}}],"line":268},"60":{"loc":{"start":{"line":270,"column":4},"end":{"line":272,"column":5}},"type":"if","locations":[{"start":{"line":270,"column":4},"end":{"line":272,"column":5}},{"start":{},"end":{}}],"line":270},"61":{"loc":{"start":{"line":270,"column":8},"end":{"line":270,"column":43}},"type":"binary-expr","locations":[{"start":{"line":270,"column":8},"end":{"line":270,"column":14}},{"start":{"line":270,"column":18},"end":{"line":270,"column":43}}],"line":270},"62":{"loc":{"start":{"line":277,"column":4},"end":{"line":277,"column":71}},"type":"if","locations":[{"start":{"line":277,"column":4},"end":{"line":277,"column":71}},{"start":{},"end":{}}],"line":277},"63":{"loc":{"start":{"line":295,"column":4},"end":{"line":295,"column":71}},"type":"if","locations":[{"start":{"line":295,"column":4},"end":{"line":295,"column":71}},{"start":{},"end":{}}],"line":295}},"s":{"0":4,"1":4,"2":4,"3":4,"4":4,"5":4,"6":4,"7":4,"8":4,"9":4,"10":4,"11":4,"12":4,"13":4,"14":4,"15":4,"16":4,"17":2,"18":2,"19":2,"20":2,"21":1,"22":0,"23":0,"24":1,"25":1,"26":1,"27":0,"28":0,"29":0,"30":0,"31":0,"32":1,"33":1,"34":1,"35":0,"36":1,"37":1,"38":1,"39":1,"40":1,"41":0,"42":0,"43":1,"44":1,"45":0,"46":1,"47":1,"48":1,"49":0,"50":0,"51":4,"52":4,"53":4,"54":4,"55":4,"56":4,"57":0,"58":0,"59":0,"60":4,"61":4,"62":4,"63":1,"64":3,"65":1,"66":2,"67":0,"68":0,"69":0,"70":0,"71":0,"72":0,"73":0,"74":0,"75":0,"76":0,"77":0,"78":0,"79":0,"80":2,"81":2,"82":4,"83":4,"84":0,"85":0,"86":0,"87":0,"88":0,"89":0,"90":0,"91":0,"92":0,"93":0,"94":0,"95":0,"96":0,"97":0,"98":0,"99":0,"100":0,"101":0,"102":0,"103":0,"104":0,"105":0,"106":0,"107":0,"108":0,"109":0,"110":0,"111":0,"112":0,"113":0,"114":0,"115":0,"116":0,"117":0,"118":4,"119":0,"120":0,"121":0,"122":0,"123":0,"124":0,"125":0,"126":0,"127":0,"128":0,"129":0,"130":0,"131":4,"132":0,"133":0,"134":0,"135":0,"136":0,"137":0,"138":0,"139":0,"140":0,"141":0,"142":0,"143":0,"144":0,"145":0,"146":0,"147":0,"148":4,"149":4,"150":0,"151":0,"152":0,"153":0,"154":0,"155":0,"156":0,"157":0,"158":0,"159":0,"160":0,"161":0,"162":0,"163":0,"164":0,"165":0,"166":0,"167":4,"168":2,"169":2,"170":2,"171":2,"172":1,"173":1,"174":1,"175":1,"176":1,"177":0,"178":0,"179":4},"f":{"0":2,"1":4,"2":0,"3":0,"4":0,"5":0,"6":2},"b":{"0":[4,4],"1":[4,4],"2":[4,0],"3":[2,0],"4":[1,1],"5":[1,0],"6":[0,1],"7":[0,0],"8":[0,0,0],"9":[0,0],"10":[0,0],"11":[0,1],"12":[0,1],"13":[1,1],"14":[1,0],"15":[1,1],"16":[0,1],"17":[4,0],"18":[4,0],"19":[4,0],"20":[0,4],"21":[0,0],"22":[0,0,0],"23":[1,3],"24":[1,2],"25":[0,0],"26":[0,0],"27":[0,0],"28":[0,0],"29":[0,0],"30":[0,0],"31":[4,0],"32":[0,0],"33":[0,0],"34":[0,0],"35":[0,0],"36":[0,0,0,0],"37":[0,0],"38":[0,0],"39":[0,0],"40":[0,0],"41":[0,0],"42":[0,0],"43":[0,0],"44":[0,0],"45":[0,0],"46":[0,0],"47":[0,0],"48":[0,0],"49":[0,0],"50":[0,0],"51":[0,0],"52":[0,0],"53":[0,0],"54":[0,0],"55":[0,0],"56":[4,0],"57":[0,0],"58":[0,0],"59":[0,0],"60":[0,0],"61":[0,0],"62":[0,0],"63":[1,1]},"_coverageSchema":"1a1c01bbd47fc00a2c39e90264f33305004495a9","hash":"5cf0778d3dd4cc06f9efff4597d04f2919339063"}
,"C:\\Users\\tchme\\OneDrive\\Desktop\\Ideas for projects\\Web wood page\\e-commerce-platform\\server\\routes\\products.js": {"path":"C:\\Users\\tchme\\OneDrive\\Desktop\\Ideas for projects\\Web wood page\\e-commerce-platform\\server\\routes\\products.js","statementMap":{"0":{"start":{"line":1,"column":16},"end":{"line":1,"column":34}},"1":{"start":{"line":2,"column":15},"end":{"line":2,"column":31}},"2":{"start":{"line":3,"column":15},"end":{"line":3,"column":35}},"3":{"start":{"line":4,"column":16},"end":{"line":4,"column":44}},"4":{"start":{"line":5,"column":14},"end":{"line":5,"column":39}},"5":{"start":{"line":6,"column":17},"end":{"line":6,"column":46}},"6":{"start":{"line":7,"column":22},"end":{"line":7,"column":52}},"7":{"start":{"line":11,"column":0},"end":{"line":77,"column":3}},"8":{"start":{"line":12,"column":2},"end":{"line":76,"column":3}},"9":{"start":{"line":13,"column":17},"end":{"line":13,"column":59}},"10":{"start":{"line":14,"column":18},"end":{"line":14,"column":77}},"11":{"start":{"line":15,"column":19},"end":{"line":15,"column":37}},"12":{"start":{"line":16,"column":40},"end":{"line":16,"column":49}},"13":{"start":{"line":19,"column":21},"end":{"line":19,"column":114}},"14":{"start":{"line":20,"column":19},"end":{"line":20,"column":38}},"15":{"start":{"line":21,"column":4},"end":{"line":24,"column":5}},"16":{"start":{"line":22,"column":6},"end":{"line":22,"column":32}},"17":{"start":{"line":23,"column":6},"end":{"line":23,"column":30}},"18":{"start":{"line":27,"column":18},"end":{"line":27,"column":36}},"19":{"start":{"line":30,"column":4},"end":{"line":32,"column":5}},"20":{"start":{"line":31,"column":6},"end":{"line":31,"column":32}},"21":{"start":{"line":35,"column":4},"end":{"line":40,"column":5}},"22":{"start":{"line":36,"column":6},"end":{"line":39,"column":8}},"23":{"start":{"line":43,"column":4},"end":{"line":45,"column":5}},"24":{"start":{"line":44,"column":6},"end":{"line":44,"column":59}},"25":{"start":{"line":48,"column":22},"end":{"line":48,"column":45}},"26":{"start":{"line":49,"column":4},"end":{"line":57,"column":5}},"27":{"start":{"line":50,"column":6},"end":{"line":50,"column":43}},"28":{"start":{"line":51,"column":11},"end":{"line":57,"column":5}},"29":{"start":{"line":52,"column":6},"end":{"line":52,"column":44}},"30":{"start":{"line":53,"column":11},"end":{"line":57,"column":5}},"31":{"start":{"line":54,"column":6},"end":{"line":54,"column":38}},"32":{"start":{"line":55,"column":11},"end":{"line":57,"column":5}},"33":{"start":{"line":56,"column":6},"end":{"line":56,"column":44}},"34":{"start":{"line":60,"column":21},"end":{"line":66,"column":6}},"35":{"start":{"line":69,"column":4},"end":{"line":69,"column":38}},"36":{"start":{"line":70,"column":4},"end":{"line":70,"column":51}},"37":{"start":{"line":71,"column":4},"end":{"line":71,"column":31}},"38":{"start":{"line":72,"column":4},"end":{"line":72,"column":23}},"39":{"start":{"line":74,"column":4},"end":{"line":74,"column":23}},"40":{"start":{"line":75,"column":4},"end":{"line":75,"column":52}},"41":{"start":{"line":80,"column":0},"end":{"line":89,"column":3}},"42":{"start":{"line":81,"column":2},"end":{"line":88,"column":3}},"43":{"start":{"line":82,"column":14},"end":{"line":82,"column":51}},"44":{"start":{"line":83,"column":4},"end":{"line":83,"column":64}},"45":{"start":{"line":83,"column":12},"end":{"line":83,"column":64}},"46":{"start":{"line":84,"column":4},"end":{"line":84,"column":16}},"47":{"start":{"line":86,"column":4},"end":{"line":86,"column":23}},"48":{"start":{"line":87,"column":4},"end":{"line":87,"column":52}},"49":{"start":{"line":92,"column":0},"end":{"line":172,"column":3}},"50":{"start":{"line":93,"column":2},"end":{"line":171,"column":3}},"51":{"start":{"line":101,"column":8},"end":{"line":101,"column":16}},"52":{"start":{"line":103,"column":19},"end":{"line":103,"column":21}},"53":{"start":{"line":105,"column":22},"end":{"line":105,"column":63}},"54":{"start":{"line":106,"column":23},"end":{"line":106,"column":63}},"55":{"start":{"line":109,"column":4},"end":{"line":113,"column":5}},"56":{"start":{"line":109,"column":34},"end":{"line":109,"column":71}},"57":{"start":{"line":111,"column":16},"end":{"line":111,"column":27}},"58":{"start":{"line":112,"column":6},"end":{"line":112,"column":82}},"59":{"start":{"line":112,"column":42},"end":{"line":112,"column":82}},"60":{"start":{"line":116,"column":4},"end":{"line":117,"column":70}},"61":{"start":{"line":117,"column":6},"end":{"line":117,"column":70}},"62":{"start":{"line":120,"column":4},"end":{"line":124,"column":5}},"63":{"start":{"line":120,"column":41},"end":{"line":120,"column":85}},"64":{"start":{"line":122,"column":16},"end":{"line":122,"column":34}},"65":{"start":{"line":123,"column":6},"end":{"line":123,"column":93}},"66":{"start":{"line":123,"column":44},"end":{"line":123,"column":93}},"67":{"start":{"line":127,"column":4},"end":{"line":132,"column":5}},"68":{"start":{"line":127,"column":61},"end":{"line":127,"column":103}},"69":{"start":{"line":129,"column":18},"end":{"line":129,"column":35}},"70":{"start":{"line":130,"column":6},"end":{"line":130,"column":62}},"71":{"start":{"line":130,"column":20},"end":{"line":130,"column":62}},"72":{"start":{"line":131,"column":6},"end":{"line":131,"column":122}},"73":{"start":{"line":131,"column":62},"end":{"line":131,"column":122}},"74":{"start":{"line":135,"column":4},"end":{"line":141,"column":5}},"75":{"start":{"line":136,"column":6},"end":{"line":136,"column":80}},"76":{"start":{"line":138,"column":6},"end":{"line":140,"column":7}},"77":{"start":{"line":139,"column":8},"end":{"line":139,"column":75}},"78":{"start":{"line":139,"column":37},"end":{"line":139,"column":75}},"79":{"start":{"line":144,"column":4},"end":{"line":155,"column":5}},"80":{"start":{"line":145,"column":6},"end":{"line":154,"column":7}},"81":{"start":{"line":145,"column":36},"end":{"line":145,"column":77}},"82":{"start":{"line":147,"column":8},"end":{"line":153,"column":11}},"83":{"start":{"line":148,"column":10},"end":{"line":152,"column":11}},"84":{"start":{"line":148,"column":51},"end":{"line":148,"column":97}},"85":{"start":{"line":150,"column":12},"end":{"line":150,"column":107}},"86":{"start":{"line":150,"column":62},"end":{"line":150,"column":107}},"87":{"start":{"line":151,"column":12},"end":{"line":151,"column":141}},"88":{"start":{"line":151,"column":81},"end":{"line":151,"column":141}},"89":{"start":{"line":157,"column":4},"end":{"line":157,"column":63}},"90":{"start":{"line":157,"column":23},"end":{"line":157,"column":63}},"91":{"start":{"line":159,"column":14},"end":{"line":166,"column":6}},"92":{"start":{"line":167,"column":4},"end":{"line":167,"column":28}},"93":{"start":{"line":169,"column":4},"end":{"line":169,"column":23}},"94":{"start":{"line":170,"column":4},"end":{"line":170,"column":52}},"95":{"start":{"line":175,"column":0},"end":{"line":186,"column":3}},"96":{"start":{"line":176,"column":2},"end":{"line":185,"column":3}},"97":{"start":{"line":177,"column":14},"end":{"line":177,"column":51}},"98":{"start":{"line":178,"column":4},"end":{"line":178,"column":64}},"99":{"start":{"line":178,"column":12},"end":{"line":178,"column":64}},"100":{"start":{"line":179,"column":4},"end":{"line":179,"column":31}},"101":{"start":{"line":180,"column":4},"end":{"line":180,"column":19}},"102":{"start":{"line":181,"column":4},"end":{"line":181,"column":16}},"103":{"start":{"line":183,"column":4},"end":{"line":183,"column":23}},"104":{"start":{"line":184,"column":4},"end":{"line":184,"column":52}},"105":{"start":{"line":189,"column":0},"end":{"line":200,"column":3}},"106":{"start":{"line":190,"column":2},"end":{"line":199,"column":3}},"107":{"start":{"line":191,"column":14},"end":{"line":191,"column":51}},"108":{"start":{"line":192,"column":4},"end":{"line":192,"column":72}},"109":{"start":{"line":192,"column":12},"end":{"line":192,"column":72}},"110":{"start":{"line":193,"column":4},"end":{"line":193,"column":23}},"111":{"start":{"line":194,"column":4},"end":{"line":194,"column":19}},"112":{"start":{"line":195,"column":4},"end":{"line":195,"column":37}},"113":{"start":{"line":197,"column":4},"end":{"line":197,"column":23}},"114":{"start":{"line":198,"column":4},"end":{"line":198,"column":52}},"115":{"start":{"line":202,"column":0},"end":{"line":202,"column":24}}},"fnMap":{"0":{"name":"(anonymous_0)","decl":{"start":{"line":11,"column":16},"end":{"line":11,"column":17}},"loc":{"start":{"line":11,"column":36},"end":{"line":77,"column":1}},"line":11},"1":{"name":"(anonymous_1)","decl":{"start":{"line":80,"column":19},"end":{"line":80,"column":20}},"loc":{"start":{"line":80,"column":39},"end":{"line":89,"column":1}},"line":80},"2":{"name":"(anonymous_2)","decl":{"start":{"line":92,"column":34},"end":{"line":92,"column":35}},"loc":{"start":{"line":92,"column":54},"end":{"line":172,"column":1}},"line":92},"3":{"name":"(anonymous_3)","decl":{"start":{"line":147,"column":25},"end":{"line":147,"column":26}},"loc":{"start":{"line":147,"column":37},"end":{"line":153,"column":9}},"line":147},"4":{"name":"(anonymous_4)","decl":{"start":{"line":175,"column":36},"end":{"line":175,"column":37}},"loc":{"start":{"line":175,"column":56},"end":{"line":186,"column":1}},"line":175},"5":{"name":"(anonymous_5)","decl":{"start":{"line":189,"column":39},"end":{"line":189,"column":40}},"loc":{"start":{"line":189,"column":59},"end":{"line":200,"column":1}},"line":189}},"branchMap":{"0":{"loc":{"start":{"line":13,"column":29},"end":{"line":13,"column":58}},"type":"binary-expr","locations":[{"start":{"line":13,"column":29},"end":{"line":13,"column":53}},{"start":{"line":13,"column":57},"end":{"line":13,"column":58}}],"line":13},"1":{"loc":{"start":{"line":14,"column":44},"end":{"line":14,"column":75}},"type":"binary-expr","locations":[{"start":{"line":14,"column":44},"end":{"line":14,"column":69}},{"start":{"line":14,"column":73},"end":{"line":14,"column":75}}],"line":14},"2":{"loc":{"start":{"line":19,"column":50},"end":{"line":19,"column":64}},"type":"binary-expr","locations":[{"start":{"line":19,"column":50},"end":{"line":19,"column":58}},{"start":{"line":19,"column":62},"end":{"line":19,"column":64}}],"line":19},"3":{"loc":{"start":{"line":19,"column":68},"end":{"line":19,"column":78}},"type":"binary-expr","locations":[{"start":{"line":19,"column":68},"end":{"line":19,"column":72}},{"start":{"line":19,"column":76},"end":{"line":19,"column":78}}],"line":19},"4":{"loc":{"start":{"line":19,"column":82},"end":{"line":19,"column":89}},"type":"binary-expr","locations":[{"start":{"line":19,"column":82},"end":{"line":19,"column":83}},{"start":{"line":19,"column":87},"end":{"line":19,"column":89}}],"line":19},"5":{"loc":{"start":{"line":19,"column":93},"end":{"line":19,"column":112}},"type":"binary-expr","locations":[{"start":{"line":19,"column":93},"end":{"line":19,"column":97}},{"start":{"line":19,"column":101},"end":{"line":19,"column":112}}],"line":19},"6":{"loc":{"start":{"line":21,"column":4},"end":{"line":24,"column":5}},"type":"if","locations":[{"start":{"line":21,"column":4},"end":{"line":24,"column":5}},{"start":{},"end":{}}],"line":21},"7":{"loc":{"start":{"line":30,"column":4},"end":{"line":32,"column":5}},"type":"if","locations":[{"start":{"line":30,"column":4},"end":{"line":32,"column":5}},{"start":{},"end":{}}],"line":30},"8":{"loc":{"start":{"line":35,"column":4},"end":{"line":40,"column":5}},"type":"if","locations":[{"start":{"line":35,"column":4},"end":{"line":40,"column":5}},{"start":{},"end":{}}],"line":35},"9":{"loc":{"start":{"line":43,"column":4},"end":{"line":45,"column":5}},"type":"if","locations":[{"start":{"line":43,"column":4},"end":{"line":45,"column":5}},{"start":{},"end":{}}],"line":43},"10":{"loc":{"start":{"line":49,"column":4},"end":{"line":57,"column":5}},"type":"if","locations":[{"start":{"line":49,"column":4},"end":{"line":57,"column":5}},{"start":{"line":51,"column":11},"end":{"line":57,"column":5}}],"line":49},"11":{"loc":{"start":{"line":51,"column":11},"end":{"line":57,"column":5}},"type":"if","locations":[{"start":{"line":51,"column":11},"end":{"line":57,"column":5}},{"start":{"line":53,"column":11},"end":{"line":57,"column":5}}],"line":51},"12":{"loc":{"start":{"line":53,"column":11},"end":{"line":57,"column":5}},"type":"if","locations":[{"start":{"line":53,"column":11},"end":{"line":57,"column":5}},{"start":{"line":55,"column":11},"end":{"line":57,"column":5}}],"line":53},"13":{"loc":{"start":{"line":55,"column":11},"end":{"line":57,"column":5}},"type":"if","locations":[{"start":{"line":55,"column":11},"end":{"line":57,"column":5}},{"start":{},"end":{}}],"line":55},"14":{"loc":{"start":{"line":83,"column":4},"end":{"line":83,"column":64}},"type":"if","locations":[{"start":{"line":83,"column":4},"end":{"line":83,"column":64}},{"start":{},"end":{}}],"line":83},"15":{"loc":{"start":{"line":109,"column":4},"end":{"line":113,"column":5}},"type":"if","locations":[{"start":{"line":109,"column":4},"end":{"line":113,"column":5}},{"start":{"line":110,"column":9},"end":{"line":113,"column":5}}],"line":109},"16":{"loc":{"start":{"line":112,"column":6},"end":{"line":112,"column":82}},"type":"if","locations":[{"start":{"line":112,"column":6},"end":{"line":112,"column":82}},{"start":{},"end":{}}],"line":112},"17":{"loc":{"start":{"line":112,"column":10},"end":{"line":112,"column":40}},"type":"binary-expr","locations":[{"start":{"line":112,"column":10},"end":{"line":112,"column":22}},{"start":{"line":112,"column":26},"end":{"line":112,"column":40}}],"line":112},"18":{"loc":{"start":{"line":116,"column":4},"end":{"line":117,"column":70}},"type":"if","locations":[{"start":{"line":116,"column":4},"end":{"line":117,"column":70}},{"start":{},"end":{}}],"line":116},"19":{"loc":{"start":{"line":116,"column":8},"end":{"line":116,"column":69}},"type":"binary-expr","locations":[{"start":{"line":116,"column":8},"end":{"line":116,"column":36}},{"start":{"line":116,"column":40},"end":{"line":116,"column":69}}],"line":116},"20":{"loc":{"start":{"line":120,"column":4},"end":{"line":124,"column":5}},"type":"if","locations":[{"start":{"line":120,"column":4},"end":{"line":124,"column":5}},{"start":{"line":121,"column":9},"end":{"line":124,"column":5}}],"line":120},"21":{"loc":{"start":{"line":123,"column":6},"end":{"line":123,"column":93}},"type":"if","locations":[{"start":{"line":123,"column":6},"end":{"line":123,"column":93}},{"start":{},"end":{}}],"line":123},"22":{"loc":{"start":{"line":123,"column":10},"end":{"line":123,"column":42}},"type":"binary-expr","locations":[{"start":{"line":123,"column":10},"end":{"line":123,"column":23}},{"start":{"line":123,"column":27},"end":{"line":123,"column":42}}],"line":123},"23":{"loc":{"start":{"line":127,"column":4},"end":{"line":132,"column":5}},"type":"if","locations":[{"start":{"line":127,"column":4},"end":{"line":132,"column":5}},{"start":{"line":128,"column":9},"end":{"line":132,"column":5}}],"line":127},"24":{"loc":{"start":{"line":127,"column":8},"end":{"line":127,"column":59}},"type":"binary-expr","locations":[{"start":{"line":127,"column":8},"end":{"line":127,"column":31}},{"start":{"line":127,"column":35},"end":{"line":127,"column":59}}],"line":127},"25":{"loc":{"start":{"line":130,"column":6},"end":{"line":130,"column":62}},"type":"if","locations":[{"start":{"line":130,"column":6},"end":{"line":130,"column":62}},{"start":{},"end":{}}],"line":130},"26":{"loc":{"start":{"line":131,"column":6},"end":{"line":131,"column":122}},"type":"if","locations":[{"start":{"line":131,"column":6},"end":{"line":131,"column":122}},{"start":{},"end":{}}],"line":131},"27":{"loc":{"start":{"line":135,"column":4},"end":{"line":141,"column":5}},"type":"if","locations":[{"start":{"line":135,"column":4},"end":{"line":141,"column":5}},{"start":{"line":137,"column":11},"end":{"line":141,"column":5}}],"line":135},"28":{"loc":{"start":{"line":135,"column":8},"end":{"line":135,"column":75}},"type":"binary-expr","locations":[{"start":{"line":135,"column":8},"end":{"line":135,"column":42}},{"start":{"line":135,"column":46},"end":{"line":135,"column":75}}],"line":135},"29":{"loc":{"start":{"line":139,"column":8},"end":{"line":139,"column":75}},"type":"if","locations":[{"start":{"line":139,"column":8},"end":{"line":139,"column":75}},{"start":{},"end":{}}],"line":139},"30":{"loc":{"start":{"line":144,"column":4},"end":{"line":155,"column":5}},"type":"if","locations":[{"start":{"line":144,"column":4},"end":{"line":155,"column":5}},{"start":{},"end":{}}],"line":144},"31":{"loc":{"start":{"line":145,"column":6},"end":{"line":154,"column":7}},"type":"if","locations":[{"start":{"line":145,"column":6},"end":{"line":154,"column":7}},{"start":{"line":146,"column":11},"end":{"line":154,"column":7}}],"line":145},"32":{"loc":{"start":{"line":148,"column":10},"end":{"line":152,"column":11}},"type":"if","locations":[{"start":{"line":148,"column":10},"end":{"line":152,"column":11}},{"start":{"line":149,"column":15},"end":{"line":152,"column":11}}],"line":148},"33":{"loc":{"start":{"line":148,"column":14},"end":{"line":148,"column":49}},"type":"binary-expr","locations":[{"start":{"line":148,"column":14},"end":{"line":148,"column":35}},{"start":{"line":148,"column":39},"end":{"line":148,"column":49}}],"line":148},"34":{"loc":{"start":{"line":150,"column":12},"end":{"line":150,"column":107}},"type":"if","locations":[{"start":{"line":150,"column":12},"end":{"line":150,"column":107}},{"start":{},"end":{}}],"line":150},"35":{"loc":{"start":{"line":150,"column":16},"end":{"line":150,"column":60}},"type":"binary-expr","locations":[{"start":{"line":150,"column":16},"end":{"line":150,"column":42}},{"start":{"line":150,"column":46},"end":{"line":150,"column":60}}],"line":150},"36":{"loc":{"start":{"line":151,"column":12},"end":{"line":151,"column":141}},"type":"if","locations":[{"start":{"line":151,"column":12},"end":{"line":151,"column":141}},{"start":{},"end":{}}],"line":151},"37":{"loc":{"start":{"line":151,"column":16},"end":{"line":151,"column":79}},"type":"binary-expr","locations":[{"start":{"line":151,"column":16},"end":{"line":151,"column":45}},{"start":{"line":151,"column":49},"end":{"line":151,"column":79}}],"line":151},"38":{"loc":{"start":{"line":157,"column":4},"end":{"line":157,"column":63}},"type":"if","locations":[{"start":{"line":157,"column":4},"end":{"line":157,"column":63}},{"start":{},"end":{}}],"line":157},"39":{"loc":{"start":{"line":165,"column":16},"end":{"line":165,"column":30}},"type":"binary-expr","locations":[{"start":{"line":165,"column":16},"end":{"line":165,"column":24}},{"start":{"line":165,"column":28},"end":{"line":165,"column":30}}],"line":165},"40":{"loc":{"start":{"line":178,"column":4},"end":{"line":178,"column":64}},"type":"if","locations":[{"start":{"line":178,"column":4},"end":{"line":178,"column":64}},{"start":{},"end":{}}],"line":178},"41":{"loc":{"start":{"line":192,"column":4},"end":{"line":192,"column":72}},"type":"if","locations":[{"start":{"line":192,"column":4},"end":{"line":192,"column":72}},{"start":{},"end":{}}],"line":192}},"s":{"0":4,"1":4,"2":4,"3":4,"4":4,"5":4,"6":4,"7":4,"8":3,"9":3,"10":3,"11":3,"12":3,"13":3,"14":3,"15":3,"16":1,"17":1,"18":2,"19":2,"20":1,"21":2,"22":1,"23":2,"24":1,"25":2,"26":2,"27":0,"28":2,"29":0,"30":2,"31":0,"32":2,"33":0,"34":2,"35":2,"36":2,"37":2,"38":2,"39":0,"40":0,"41":4,"42":0,"43":0,"44":0,"45":0,"46":0,"47":0,"48":0,"49":4,"50":2,"51":2,"52":2,"53":2,"54":2,"55":2,"56":1,"57":1,"58":1,"59":0,"60":2,"61":1,"62":2,"63":1,"64":1,"65":1,"66":0,"67":2,"68":1,"69":1,"70":1,"71":0,"72":1,"73":0,"74":2,"75":1,"76":1,"77":1,"78":0,"79":2,"80":0,"81":0,"82":0,"83":0,"84":0,"85":0,"86":0,"87":0,"88":0,"89":2,"90":1,"91":1,"92":1,"93":0,"94":0,"95":4,"96":0,"97":0,"98":0,"99":0,"100":0,"101":0,"102":0,"103":0,"104":0,"105":4,"106":2,"107":2,"108":2,"109":1,"110":1,"111":1,"112":1,"113":0,"114":0,"115":4},"f":{"0":3,"1":0,"2":2,"3":0,"4":0,"5":2},"b":{"0":[3,2],"1":[3,2],"2":[3,2],"3":[3,2],"4":[3,2],"5":[3,3],"6":[1,2],"7":[1,1],"8":[1,1],"9":[1,1],"10":[0,2],"11":[0,2],"12":[0,2],"13":[0,2],"14":[0,0],"15":[1,1],"16":[0,1],"17":[1,1],"18":[1,1],"19":[2,1],"20":[1,1],"21":[0,1],"22":[1,1],"23":[1,1],"24":[2,1],"25":[0,1],"26":[0,1],"27":[1,1],"28":[2,1],"29":[0,1],"30":[0,2],"31":[0,0],"32":[0,0],"33":[0,0],"34":[0,0],"35":[0,0],"36":[0,0],"37":[0,0],"38":[1,1],"39":[1,1],"40":[0,0],"41":[1,1]},"_coverageSchema":"1a1c01bbd47fc00a2c39e90264f33305004495a9","hash":"e5d6f45865106bee11e0e0e169dc56a76d5d4977"}
,"C:\\Users\\tchme\\OneDrive\\Desktop\\Ideas for projects\\Web wood page\\e-commerce-platform\\server\\routes\\requests.js": {"path":"C:\\Users\\tchme\\OneDrive\\Desktop\\Ideas for projects\\Web wood page\\e-commerce-platform\\server\\routes\\requests.js","statementMap":{"0":{"start":{"line":2,"column":16},"end":{"line":2,"column":34}},"1":{"start":{"line":3,"column":15},"end":{"line":3,"column":31}},"2":{"start":{"line":4,"column":16},"end":{"line":4,"column":44}},"3":{"start":{"line":5,"column":16},"end":{"line":5,"column":44}},"4":{"start":{"line":6,"column":13},"end":{"line":6,"column":38}},"5":{"start":{"line":7,"column":17},"end":{"line":7,"column":46}},"6":{"start":{"line":8,"column":22},"end":{"line":8,"column":52}},"7":{"start":{"line":10,"column":0},"end":{"line":53,"column":3}},"8":{"start":{"line":11,"column":85},"end":{"line":11,"column":93}},"9":{"start":{"line":13,"column":2},"end":{"line":52,"column":3}},"10":{"start":{"line":14,"column":17},"end":{"line":14,"column":48}},"11":{"start":{"line":15,"column":4},"end":{"line":15,"column":72}},"12":{"start":{"line":15,"column":15},"end":{"line":15,"column":72}},"13":{"start":{"line":17,"column":20},"end":{"line":17,"column":53}},"14":{"start":{"line":18,"column":4},"end":{"line":18,"column":78}},"15":{"start":{"line":18,"column":18},"end":{"line":18,"column":78}},"16":{"start":{"line":21,"column":21},"end":{"line":21,"column":46}},"17":{"start":{"line":22,"column":4},"end":{"line":29,"column":5}},"18":{"start":{"line":23,"column":6},"end":{"line":28,"column":7}},"19":{"start":{"line":24,"column":24},"end":{"line":24,"column":74}},"20":{"start":{"line":24,"column":51},"end":{"line":24,"column":73}},"21":{"start":{"line":25,"column":8},"end":{"line":27,"column":9}},"22":{"start":{"line":26,"column":10},"end":{"line":26,"column":54}},"23":{"start":{"line":31,"column":20},"end":{"line":46,"column":6}},"24":{"start":{"line":48,"column":4},"end":{"line":48,"column":81}},"25":{"start":{"line":50,"column":4},"end":{"line":50,"column":23}},"26":{"start":{"line":51,"column":4},"end":{"line":51,"column":52}},"27":{"start":{"line":56,"column":0},"end":{"line":72,"column":3}},"28":{"start":{"line":57,"column":2},"end":{"line":71,"column":3}},"29":{"start":{"line":58,"column":4},"end":{"line":61,"column":5}},"30":{"start":{"line":59,"column":18},"end":{"line":59,"column":69}},"31":{"start":{"line":60,"column":6},"end":{"line":60,"column":27}},"32":{"start":{"line":63,"column":21},"end":{"line":66,"column":6}},"33":{"start":{"line":67,"column":4},"end":{"line":67,"column":30}},"34":{"start":{"line":69,"column":4},"end":{"line":69,"column":23}},"35":{"start":{"line":70,"column":4},"end":{"line":70,"column":59}},"36":{"start":{"line":75,"column":0},"end":{"line":88,"column":3}},"37":{"start":{"line":76,"column":2},"end":{"line":87,"column":3}},"38":{"start":{"line":77,"column":14},"end":{"line":77,"column":81}},"39":{"start":{"line":78,"column":4},"end":{"line":78,"column":64}},"40":{"start":{"line":78,"column":12},"end":{"line":78,"column":64}},"41":{"start":{"line":80,"column":4},"end":{"line":80,"column":88}},"42":{"start":{"line":80,"column":69},"end":{"line":80,"column":88}},"43":{"start":{"line":82,"column":4},"end":{"line":82,"column":85}},"44":{"start":{"line":82,"column":33},"end":{"line":82,"column":85}},"45":{"start":{"line":83,"column":4},"end":{"line":83,"column":23}},"46":{"start":{"line":85,"column":4},"end":{"line":85,"column":23}},"47":{"start":{"line":86,"column":4},"end":{"line":86,"column":59}},"48":{"start":{"line":91,"column":0},"end":{"line":107,"column":3}},"49":{"start":{"line":92,"column":2},"end":{"line":106,"column":3}},"50":{"start":{"line":93,"column":23},"end":{"line":93,"column":31}},"51":{"start":{"line":94,"column":20},"end":{"line":94,"column":85}},"52":{"start":{"line":95,"column":4},"end":{"line":95,"column":92}},"53":{"start":{"line":95,"column":35},"end":{"line":95,"column":92}},"54":{"start":{"line":97,"column":14},"end":{"line":97,"column":51}},"55":{"start":{"line":98,"column":4},"end":{"line":98,"column":64}},"56":{"start":{"line":98,"column":12},"end":{"line":98,"column":64}},"57":{"start":{"line":100,"column":4},"end":{"line":100,"column":22}},"58":{"start":{"line":101,"column":4},"end":{"line":101,"column":19}},"59":{"start":{"line":102,"column":4},"end":{"line":102,"column":23}},"60":{"start":{"line":104,"column":4},"end":{"line":104,"column":23}},"61":{"start":{"line":105,"column":4},"end":{"line":105,"column":59}},"62":{"start":{"line":110,"column":0},"end":{"line":123,"column":3}},"63":{"start":{"line":111,"column":2},"end":{"line":122,"column":3}},"64":{"start":{"line":112,"column":27},"end":{"line":112,"column":35}},"65":{"start":{"line":113,"column":14},"end":{"line":113,"column":51}},"66":{"start":{"line":114,"column":4},"end":{"line":114,"column":64}},"67":{"start":{"line":114,"column":12},"end":{"line":114,"column":64}},"68":{"start":{"line":116,"column":4},"end":{"line":116,"column":30}},"69":{"start":{"line":117,"column":4},"end":{"line":117,"column":19}},"70":{"start":{"line":118,"column":4},"end":{"line":118,"column":23}},"71":{"start":{"line":120,"column":4},"end":{"line":120,"column":23}},"72":{"start":{"line":121,"column":4},"end":{"line":121,"column":59}},"73":{"start":{"line":126,"column":0},"end":{"line":136,"column":3}},"74":{"start":{"line":127,"column":2},"end":{"line":135,"column":3}},"75":{"start":{"line":128,"column":14},"end":{"line":128,"column":51}},"76":{"start":{"line":129,"column":4},"end":{"line":129,"column":64}},"77":{"start":{"line":129,"column":12},"end":{"line":129,"column":64}},"78":{"start":{"line":130,"column":4},"end":{"line":130,"column":22}},"79":{"start":{"line":131,"column":4},"end":{"line":131,"column":44}},"80":{"start":{"line":133,"column":4},"end":{"line":133,"column":23}},"81":{"start":{"line":134,"column":4},"end":{"line":134,"column":59}},"82":{"start":{"line":138,"column":0},"end":{"line":138,"column":24}}},"fnMap":{"0":{"name":"(anonymous_0)","decl":{"start":{"line":10,"column":23},"end":{"line":10,"column":24}},"loc":{"start":{"line":10,"column":43},"end":{"line":53,"column":1}},"line":10},"1":{"name":"(anonymous_1)","decl":{"start":{"line":24,"column":46},"end":{"line":24,"column":47}},"loc":{"start":{"line":24,"column":51},"end":{"line":24,"column":73}},"line":24},"2":{"name":"(anonymous_2)","decl":{"start":{"line":56,"column":22},"end":{"line":56,"column":23}},"loc":{"start":{"line":56,"column":42},"end":{"line":72,"column":1}},"line":56},"3":{"name":"(anonymous_3)","decl":{"start":{"line":75,"column":25},"end":{"line":75,"column":26}},"loc":{"start":{"line":75,"column":45},"end":{"line":88,"column":1}},"line":75},"4":{"name":"(anonymous_4)","decl":{"start":{"line":91,"column":45},"end":{"line":91,"column":46}},"loc":{"start":{"line":91,"column":65},"end":{"line":107,"column":1}},"line":91},"5":{"name":"(anonymous_5)","decl":{"start":{"line":110,"column":50},"end":{"line":110,"column":51}},"loc":{"start":{"line":110,"column":70},"end":{"line":123,"column":1}},"line":110},"6":{"name":"(anonymous_6)","decl":{"start":{"line":126,"column":39},"end":{"line":126,"column":40}},"loc":{"start":{"line":126,"column":59},"end":{"line":136,"column":1}},"line":126}},"branchMap":{"0":{"loc":{"start":{"line":15,"column":4},"end":{"line":15,"column":72}},"type":"if","locations":[{"start":{"line":15,"column":4},"end":{"line":15,"column":72}},{"start":{},"end":{}}],"line":15},"1":{"loc":{"start":{"line":18,"column":4},"end":{"line":18,"column":78}},"type":"if","locations":[{"start":{"line":18,"column":4},"end":{"line":18,"column":78}},{"start":{},"end":{}}],"line":18},"2":{"loc":{"start":{"line":22,"column":4},"end":{"line":29,"column":5}},"type":"if","locations":[{"start":{"line":22,"column":4},"end":{"line":29,"column":5}},{"start":{},"end":{}}],"line":22},"3":{"loc":{"start":{"line":22,"column":8},"end":{"line":22,"column":70}},"type":"binary-expr","locations":[{"start":{"line":22,"column":8},"end":{"line":22,"column":39}},{"start":{"line":22,"column":43},"end":{"line":22,"column":70}}],"line":22},"4":{"loc":{"start":{"line":25,"column":8},"end":{"line":27,"column":9}},"type":"if","locations":[{"start":{"line":25,"column":8},"end":{"line":27,"column":9}},{"start":{},"end":{}}],"line":25},"5":{"loc":{"start":{"line":25,"column":12},"end":{"line":25,"column":44}},"type":"binary-expr","locations":[{"start":{"line":25,"column":12},"end":{"line":25,"column":19}},{"start":{"line":25,"column":23},"end":{"line":25,"column":44}}],"line":25},"6":{"loc":{"start":{"line":36,"column":24},"end":{"line":36,"column":46}},"type":"binary-expr","locations":[{"start":{"line":36,"column":24},"end":{"line":36,"column":40}},{"start":{"line":36,"column":44},"end":{"line":36,"column":46}}],"line":36},"7":{"loc":{"start":{"line":58,"column":4},"end":{"line":61,"column":5}},"type":"if","locations":[{"start":{"line":58,"column":4},"end":{"line":61,"column":5}},{"start":{},"end":{}}],"line":58},"8":{"loc":{"start":{"line":58,"column":8},"end":{"line":58,"column":67}},"type":"binary-expr","locations":[{"start":{"line":58,"column":8},"end":{"line":58,"column":16}},{"start":{"line":58,"column":21},"end":{"line":58,"column":37}},{"start":{"line":58,"column":41},"end":{"line":58,"column":66}}],"line":58},"9":{"loc":{"start":{"line":78,"column":4},"end":{"line":78,"column":64}},"type":"if","locations":[{"start":{"line":78,"column":4},"end":{"line":78,"column":64}},{"start":{},"end":{}}],"line":78},"10":{"loc":{"start":{"line":80,"column":4},"end":{"line":80,"column":88}},"type":"if","locations":[{"start":{"line":80,"column":4},"end":{"line":80,"column":88}},{"start":{},"end":{}}],"line":80},"11":{"loc":{"start":{"line":80,"column":8},"end":{"line":80,"column":67}},"type":"binary-expr","locations":[{"start":{"line":80,"column":8},"end":{"line":80,"column":16}},{"start":{"line":80,"column":21},"end":{"line":80,"column":37}},{"start":{"line":80,"column":41},"end":{"line":80,"column":66}}],"line":80},"12":{"loc":{"start":{"line":82,"column":4},"end":{"line":82,"column":85}},"type":"if","locations":[{"start":{"line":82,"column":4},"end":{"line":82,"column":85}},{"start":{},"end":{}}],"line":82},"13":{"loc":{"start":{"line":95,"column":4},"end":{"line":95,"column":92}},"type":"if","locations":[{"start":{"line":95,"column":4},"end":{"line":95,"column":92}},{"start":{},"end":{}}],"line":95},"14":{"loc":{"start":{"line":98,"column":4},"end":{"line":98,"column":64}},"type":"if","locations":[{"start":{"line":98,"column":4},"end":{"line":98,"column":64}},{"start":{},"end":{}}],"line":98},"15":{"loc":{"start":{"line":114,"column":4},"end":{"line":114,"column":64}},"type":"if","locations":[{"start":{"line":114,"column":4},"end":{"line":114,"column":64}},{"start":{},"end":{}}],"line":114},"16":{"loc":{"start":{"line":129,"column":4},"end":{"line":129,"column":64}},"type":"if","locations":[{"start":{"line":129,"column":4},"end":{"line":129,"column":64}},{"start":{},"end":{}}],"line":129}},"s":{"0":4,"1":4,"2":4,"3":4,"4":4,"5":4,"6":4,"7":4,"8":2,"9":2,"10":2,"11":2,"12":1,"13":1,"14":1,"15":1,"16":0,"17":0,"18":0,"19":0,"20":0,"21":0,"22":0,"23":0,"24":0,"25":0,"26":0,"27":4,"28":2,"29":2,"30":1,"31":1,"32":1,"33":1,"34":0,"35":0,"36":4,"37":1,"38":1,"39":1,"40":0,"41":1,"42":0,"43":1,"44":1,"45":0,"46":0,"47":0,"48":4,"49":2,"50":2,"51":2,"52":2,"53":1,"54":1,"55":1,"56":0,"57":1,"58":1,"59":1,"60":0,"61":0,"62":4,"63":0,"64":0,"65":0,"66":0,"67":0,"68":0,"69":0,"70":0,"71":0,"72":0,"73":4,"74":1,"75":1,"76":1,"77":0,"78":1,"79":1,"80":0,"81":0,"82":4},"f":{"0":2,"1":0,"2":2,"3":1,"4":2,"5":0,"6":1},"b":{"0":[1,1],"1":[1,0],"2":[0,0],"3":[0,0],"4":[0,0],"5":[0,0],"6":[0,0],"7":[1,1],"8":[2,2,1],"9":[0,1],"10":[0,1],"11":[1,1,1],"12":[1,0],"13":[1,1],"14":[0,1],"15":[0,0],"16":[0,1]},"_coverageSchema":"1a1c01bbd47fc00a2c39e90264f33305004495a9","hash":"8e9b5e296cd26c2eede0ade1fea8bf0f9b90fd0e"}
,"C:\\Users\\tchme\\OneDrive\\Desktop\\Ideas for projects\\Web wood page\\e-commerce-platform\\server\\utils\\cache.js": {"path":"C:\\Users\\tchme\\OneDrive\\Desktop\\Ideas for projects\\Web wood page\\e-commerce-platform\\server\\utils\\cache.js","statementMap":{"0":{"start":{"line":4,"column":4},"end":{"line":4,"column":27}},"1":{"start":{"line":8,"column":21},"end":{"line":8,"column":51}},"2":{"start":{"line":9,"column":4},"end":{"line":9,"column":45}},"3":{"start":{"line":13,"column":18},"end":{"line":13,"column":37}},"4":{"start":{"line":14,"column":4},"end":{"line":14,"column":28}},"5":{"start":{"line":14,"column":16},"end":{"line":14,"column":28}},"6":{"start":{"line":15,"column":4},"end":{"line":18,"column":5}},"7":{"start":{"line":16,"column":6},"end":{"line":16,"column":29}},"8":{"start":{"line":17,"column":6},"end":{"line":17,"column":18}},"9":{"start":{"line":19,"column":4},"end":{"line":19,"column":23}},"10":{"start":{"line":23,"column":4},"end":{"line":23,"column":27}},"11":{"start":{"line":27,"column":4},"end":{"line":27,"column":23}},"12":{"start":{"line":31,"column":0},"end":{"line":31,"column":35}}},"fnMap":{"0":{"name":"(anonymous_0)","decl":{"start":{"line":3,"column":2},"end":{"line":3,"column":3}},"loc":{"start":{"line":3,"column":16},"end":{"line":5,"column":3}},"line":3},"1":{"name":"(anonymous_1)","decl":{"start":{"line":7,"column":2},"end":{"line":7,"column":3}},"loc":{"start":{"line":7,"column":35},"end":{"line":10,"column":3}},"line":7},"2":{"name":"(anonymous_2)","decl":{"start":{"line":12,"column":2},"end":{"line":12,"column":3}},"loc":{"start":{"line":12,"column":11},"end":{"line":20,"column":3}},"line":12},"3":{"name":"(anonymous_3)","decl":{"start":{"line":22,"column":2},"end":{"line":22,"column":3}},"loc":{"start":{"line":22,"column":11},"end":{"line":24,"column":3}},"line":22},"4":{"name":"(anonymous_4)","decl":{"start":{"line":26,"column":2},"end":{"line":26,"column":3}},"loc":{"start":{"line":26,"column":10},"end":{"line":28,"column":3}},"line":26}},"branchMap":{"0":{"loc":{"start":{"line":7,"column":18},"end":{"line":7,"column":33}},"type":"default-arg","locations":[{"start":{"line":7,"column":31},"end":{"line":7,"column":33}}],"line":7},"1":{"loc":{"start":{"line":14,"column":4},"end":{"line":14,"column":28}},"type":"if","locations":[{"start":{"line":14,"column":4},"end":{"line":14,"column":28}},{"start":{},"end":{}}],"line":14},"2":{"loc":{"start":{"line":15,"column":4},"end":{"line":18,"column":5}},"type":"if","locations":[{"start":{"line":15,"column":4},"end":{"line":18,"column":5}},{"start":{},"end":{}}],"line":15}},"s":{"0":4,"1":2,"2":2,"3":3,"4":3,"5":2,"6":1,"7":0,"8":0,"9":1,"10":0,"11":0,"12":4},"f":{"0":4,"1":2,"2":3,"3":0,"4":0},"b":{"0":[0],"1":[2,1],"2":[0,1]},"_coverageSchema":"1a1c01bbd47fc00a2c39e90264f33305004495a9","hash":"f94866227870cfaa4fec704dd6026e1850b521d4"}
}
